POST /api/projects error: Error: {"error":{"code":403,"message":"\nfalse for 'create' @ L26, evaluation error at L27:32 for 'update' @ L27, false for 'create' @ L26","status":"PERMISSION_DENIED"}}
    at ignore-listed frames {
  config: {
    headers: Headers {
      authorization: '<<REDACTED> - See `errorRedactor` option in `gaxios` for configuration>.',
      'content-type': 'application/json',
      'google-cloud-resource-prefix': 'projects/demo-hvac-auto/databases/(default)',
      'x-goog-api-client': 'gax/5.0.6-fallback gapic/8.5.0 gl-node/24.14.0 rest/5.0.6 gccl/8.5.0 fire/13.8.0 fire-admin/13.8.0 grpc-web/5.0.6-fallback',
      'x-goog-request-params': 'database=projects%2Fdemo-hvac-auto%2Fdatabases%2F(default)',
      'User-Agent': 'google-api-nodejs-client/10.6.2'
    },
    body: '{"writes":[{"update":{"fields":{"id":{"stringValue":"7349d4b2-61e3-41bb-91f5-6a44bc8334b6"},"name":{"stringValue":"Smoke DualControl 20260424082600"},"createdBy":{"stringValue":"yqs6xLdh7vaVaidjhSNL45hseF92"},"clientName":{"stringValue":"Smoke Client"},"location":{"stringValue":"Quezon City"},"city":{"stringValue":"Manila"},"buildingType":{"stringValue":"commercial"},"status":{"stringValue":"draft"},"outputClassification":{"stringValue":"preliminary"},"totalFloorArea":{"integerValue":"120"},"floorsAboveGrade":{"integerValue":"1"},"floorsBelowGrade":{"integerValue":"0"},"outdoorDB":{"integerValue":"35"},"outdoorWB":{"doubleValue":27.175206999426916},"outdoorRH":{"integerValue":"55"},"indoorDB":{"integerValue":"24"},"indoorRH":{"integerValue":"50"},"designConditions":{"stringValue":"{}"},"safetyFactor":{"doubleValue":1.1},"diversityFactor":{"doubleValue":0.85},"notes":{"stringValue":""},"suggestedLaborMultiplier":{"doubleValue":0.35},"laborMultiplierOverride":{"nullValue":null},"suggestedOverheadPercent":{"doubleValue":0.15},"overheadPercentOverride":{"nullValue":null},"suggestedContingencyPercent":{"doubleValue":0.05},"contingencyPercentOverride":{"nullValue":null},"suggestedVatRate":{"doubleValue":0.12},"vatRateOverride":{"nullValue":null},"isEquipmentStale":{"booleanValue":false},"isBoqStale":{"booleanValue":false},"lastCoolingLoadAt":{"nullValue":null},"lastEquipmentSyncAt":{"nullValue":null},"lastBoqGeneratedAt":{"nullValue":null},"createdAt":{"stringValue":"2026-04-24T00:26:00.634Z"},"updatedAt":{"stringValue":"2026-04-24T00:26:00.634Z"},"ownerId":{"stringValue":"yqs6xLdh7vaVaidjhSNL45hseF92"}},"name":"projects/demo-hvac-auto/databases/(default)/documents/projects/7349d4b2-61e3-41bb-91f5-6a44bc8334b6"}}]}',
    method: 'POST',
    signal: AbortSignal { aborted: false },
    responseType: 'stream',
    agent: [Function: agentOption],
    url: URL {
      href: 'http://127.0.0.1:9080/v1/projects/demo-hvac-auto/databases/(default)/documents:commit?$alt=json%3Benum-encoding=int',
      origin: 'http://127.0.0.1:9080',
      protocol: 'http:',
      username: '',
      password: '',
      host: '127.0.0.1:9080',
      hostname: '127.0.0.1',
      port: '9080',
      pathname: '/v1/projects/demo-hvac-auto/databases/(default)/documents:commit',
      search: '?$alt=json%3Benum-encoding=int',
      searchParams: URLSearchParams { '$alt' => 'json;enum-encoding=int' },
      hash: ''
    },
    validateStatus: [Function: validateStatus],
    errorRedactor: [Function: defaultErrorRedactor],
    duplex: 'half'
  },
  response: Response {
    size: 0,
    data: undefined,
    config: {
      headers: Headers {
        authorization: '<<REDACTED> - See `errorRedactor` option in `gaxios` for configuration>.',
        'content-type': 'application/json',
        'google-cloud-resource-prefix': 'projects/demo-hvac-auto/databases/(default)',
        'x-goog-api-client': 'gax/5.0.6-fallback gapic/8.5.0 gl-node/24.14.0 rest/5.0.6 gccl/8.5.0 fire/13.8.0 fire-admin/13.8.0 grpc-web/5.0.6-fallback',
        'x-goog-request-params': 'database=projects%2Fdemo-hvac-auto%2Fdatabases%2F(default)',
        'User-Agent': 'google-api-nodejs-client/10.6.2'
      },
      body: '{"writes":[{"update":{"fields":{"id":{"stringValue":"7349d4b2-61e3-41bb-91f5-6a44bc8334b6"},"name":{"stringValue":"Smoke DualControl 20260424082600"},"createdBy":{"stringValue":"yqs6xLdh7vaVaidjhSNL45hseF92"},"clientName":{"stringValue":"Smoke Client"},"location":{"stringValue":"Quezon City"},"city":{"stringValue":"Manila"},"buildingType":{"stringValue":"commercial"},"status":{"stringValue":"draft"},"outputClassification":{"stringValue":"preliminary"},"totalFloorArea":{"integerValue":"120"},"floorsAboveGrade":{"integerValue":"1"},"floorsBelowGrade":{"integerValue":"0"},"outdoorDB":{"integerValue":"35"},"outdoorWB":{"doubleValue":27.175206999426916},"outdoorRH":{"integerValue":"55"},"indoorDB":{"integerValue":"24"},"indoorRH":{"integerValue":"50"},"designConditions":{"stringValue":"{}"},"safetyFactor":{"doubleValue":1.1},"diversityFactor":{"doubleValue":0.85},"notes":{"stringValue":""},"suggestedLaborMultiplier":{"doubleValue":0.35},"laborMultiplierOverride":{"nullValue":null},"suggestedOverheadPercent":{"doubleValue":0.15},"overheadPercentOverride":{"nullValue":null},"suggestedContingencyPercent":{"doubleValue":0.05},"contingencyPercentOverride":{"nullValue":null},"suggestedVatRate":{"doubleValue":0.12},"vatRateOverride":{"nullValue":null},"isEquipmentStale":{"booleanValue":false},"isBoqStale":{"booleanValue":false},"lastCoolingLoadAt":{"nullValue":null},"lastEquipmentSyncAt":{"nullValue":null},"lastBoqGeneratedAt":{"nullValue":null},"createdAt":{"stringValue":"2026-04-24T00:26:00.634Z"},"updatedAt":{"stringValue":"2026-04-24T00:26:00.634Z"},"ownerId":{"stringValue":"yqs6xLdh7vaVaidjhSNL45hseF92"}},"name":"projects/demo-hvac-auto/databases/(default)/documents/projects/7349d4b2-61e3-41bb-91f5-6a44bc8334b6"}}]}',
      method: 'POST',
      signal: [AbortSignal],
      responseType: 'stream',
      agent: [Function: agentOption],
      url: URL {},
      validateStatus: [Function: validateStatus],
      errorRedactor: [Function: defaultErrorRedactor],
      duplex: 'half'
    },
    Symbol(Body internals): {
      body: [PassThrough],
      stream: [PassThrough],
      boundary: null,
      disturbed: false,
      error: null
    },
    Symbol(Response internals): {
      type: 'default',
      url: 'http://127.0.0.1:9080/v1/projects/demo-hvac-auto/databases/(default)/documents:commit?$alt=json%3Benum-encoding=int',
      status: 403,
      statusText: 'Forbidden',
      headers: [Object],
      counter: 0,
      highWaterMark: 16384
    }
  },
  code: 403,
  status: 403,
  error: undefined,
  note: 'Exception occurred in retry method that was not classified as transient',
  [cause]: {
    message: `{"error":{"code":403,"message":"\\nfalse for 'create' @ L26, evaluation error at L27:32 for 'update' @ L27, false for 'create' @ L26","status":"PERMISSION_DENIED"}}`,
    code: 403,
    status: 'Forbidden'
  }
}
POST /api/projects error: Error: {"error":{"code":403,"message":"\nfalse for 'create' @ L26, evaluation error at L27:32 for 'update' @ L27, false for 'create' @ L26","status":"PERMISSION_DENIED"}}
    at ignore-listed frames {
  config: {
    headers: Headers {
      authorization: '<<REDACTED> - See `errorRedactor` option in `gaxios` for configuration>.',
      'content-type': 'application/json',
      'google-cloud-resource-prefix': 'projects/demo-hvac-auto/databases/(default)',
      'x-goog-api-client': 'gax/5.0.6-fallback gapic/8.5.0 gl-node/24.14.0 rest/5.0.6 gccl/8.5.0 fire/13.8.0 fire-admin/13.8.0 grpc-web/5.0.6-fallback',
      'x-goog-request-params': 'database=projects%2Fdemo-hvac-auto%2Fdatabases%2F(default)',
      'User-Agent': 'google-api-nodejs-client/10.6.2'
    },
    body: '{"writes":[{"update":{"fields":{"id":{"stringValue":"206ddaca-582c-41ed-9abb-aea47e5b10b7"},"name":{"stringValue":"Smoke DualControl 20260424082600"},"createdBy":{"stringValue":"yqs6xLdh7vaVaidjhSNL45hseF92"},"clientName":{"stringValue":"Smoke Client"},"location":{"stringValue":"Quezon City"},"city":{"stringValue":"Manila"},"buildingType":{"stringValue":"commercial"},"status":{"stringValue":"draft"},"outputClassification":{"stringValue":"preliminary"},"totalFloorArea":{"integerValue":"120"},"floorsAboveGrade":{"integerValue":"1"},"floorsBelowGrade":{"integerValue":"0"},"outdoorDB":{"integerValue":"35"},"outdoorWB":{"doubleValue":27.175206999426916},"outdoorRH":{"integerValue":"55"},"indoorDB":{"integerValue":"24"},"indoorRH":{"integerValue":"50"},"designConditions":{"stringValue":"{}"},"safetyFactor":{"doubleValue":1.1},"diversityFactor":{"doubleValue":0.85},"notes":{"stringValue":""},"suggestedLaborMultiplier":{"doubleValue":0.35},"laborMultiplierOverride":{"nullValue":null},"suggestedOverheadPercent":{"doubleValue":0.15},"overheadPercentOverride":{"nullValue":null},"suggestedContingencyPercent":{"doubleValue":0.05},"contingencyPercentOverride":{"nullValue":null},"suggestedVatRate":{"doubleValue":0.12},"vatRateOverride":{"nullValue":null},"isEquipmentStale":{"booleanValue":false},"isBoqStale":{"booleanValue":false},"lastCoolingLoadAt":{"nullValue":null},"lastEquipmentSyncAt":{"nullValue":null},"lastBoqGeneratedAt":{"nullValue":null},"createdAt":{"stringValue":"2026-04-24T00:26:01.794Z"},"updatedAt":{"stringValue":"2026-04-24T00:26:01.794Z"},"ownerId":{"stringValue":"yqs6xLdh7vaVaidjhSNL45hseF92"}},"name":"projects/demo-hvac-auto/databases/(default)/documents/projects/206ddaca-582c-41ed-9abb-aea47e5b10b7"}}]}',
    method: 'POST',
    signal: AbortSignal { aborted: false },
    responseType: 'stream',
    agent: [Function: agentOption],
    url: URL {
      href: 'http://127.0.0.1:9080/v1/projects/demo-hvac-auto/databases/(default)/documents:commit?$alt=json%3Benum-encoding=int',
      origin: 'http://127.0.0.1:9080',
      protocol: 'http:',
      username: '',
      password: '',
      host: '127.0.0.1:9080',
      hostname: '127.0.0.1',
      port: '9080',
      pathname: '/v1/projects/demo-hvac-auto/databases/(default)/documents:commit',
      search: '?$alt=json%3Benum-encoding=int',
      searchParams: URLSearchParams { '$alt' => 'json;enum-encoding=int' },
      hash: ''
    },
    validateStatus: [Function: validateStatus],
    errorRedactor: [Function: defaultErrorRedactor],
    duplex: 'half'
  },
  response: Response {
    size: 0,
    data: undefined,
    config: {
      headers: Headers {
        authorization: '<<REDACTED> - See `errorRedactor` option in `gaxios` for configuration>.',
        'content-type': 'application/json',
        'google-cloud-resource-prefix': 'projects/demo-hvac-auto/databases/(default)',
        'x-goog-api-client': 'gax/5.0.6-fallback gapic/8.5.0 gl-node/24.14.0 rest/5.0.6 gccl/8.5.0 fire/13.8.0 fire-admin/13.8.0 grpc-web/5.0.6-fallback',
        'x-goog-request-params': 'database=projects%2Fdemo-hvac-auto%2Fdatabases%2F(default)',
        'User-Agent': 'google-api-nodejs-client/10.6.2'
      },
      body: '{"writes":[{"update":{"fields":{"id":{"stringValue":"206ddaca-582c-41ed-9abb-aea47e5b10b7"},"name":{"stringValue":"Smoke DualControl 20260424082600"},"createdBy":{"stringValue":"yqs6xLdh7vaVaidjhSNL45hseF92"},"clientName":{"stringValue":"Smoke Client"},"location":{"stringValue":"Quezon City"},"city":{"stringValue":"Manila"},"buildingType":{"stringValue":"commercial"},"status":{"stringValue":"draft"},"outputClassification":{"stringValue":"preliminary"},"totalFloorArea":{"integerValue":"120"},"floorsAboveGrade":{"integerValue":"1"},"floorsBelowGrade":{"integerValue":"0"},"outdoorDB":{"integerValue":"35"},"outdoorWB":{"doubleValue":27.175206999426916},"outdoorRH":{"integerValue":"55"},"indoorDB":{"integerValue":"24"},"indoorRH":{"integerValue":"50"},"designConditions":{"stringValue":"{}"},"safetyFactor":{"doubleValue":1.1},"diversityFactor":{"doubleValue":0.85},"notes":{"stringValue":""},"suggestedLaborMultiplier":{"doubleValue":0.35},"laborMultiplierOverride":{"nullValue":null},"suggestedOverheadPercent":{"doubleValue":0.15},"overheadPercentOverride":{"nullValue":null},"suggestedContingencyPercent":{"doubleValue":0.05},"contingencyPercentOverride":{"nullValue":null},"suggestedVatRate":{"doubleValue":0.12},"vatRateOverride":{"nullValue":null},"isEquipmentStale":{"booleanValue":false},"isBoqStale":{"booleanValue":false},"lastCoolingLoadAt":{"nullValue":null},"lastEquipmentSyncAt":{"nullValue":null},"lastBoqGeneratedAt":{"nullValue":null},"createdAt":{"stringValue":"2026-04-24T00:26:01.794Z"},"updatedAt":{"stringValue":"2026-04-24T00:26:01.794Z"},"ownerId":{"stringValue":"yqs6xLdh7vaVaidjhSNL45hseF92"}},"name":"projects/demo-hvac-auto/databases/(default)/documents/projects/206ddaca-582c-41ed-9abb-aea47e5b10b7"}}]}',
      method: 'POST',
      signal: [AbortSignal],
      responseType: 'stream',
      agent: [Function: agentOption],
      url: URL {},
      validateStatus: [Function: validateStatus],
      errorRedactor: [Function: defaultErrorRedactor],
      duplex: 'half'
    },
    Symbol(Body internals): {
      body: [PassThrough],
      stream: [PassThrough],
      boundary: null,
      disturbed: false,
      error: null
    },
    Symbol(Response internals): {
      type: 'default',
      url: 'http://127.0.0.1:9080/v1/projects/demo-hvac-auto/databases/(default)/documents:commit?$alt=json%3Benum-encoding=int',
      status: 403,
      statusText: 'Forbidden',
      headers: [Object],
      counter: 0,
      highWaterMark: 16384
    }
  },
  code: 403,
  status: 403,
  error: undefined,
  note: 'Exception occurred in retry method that was not classified as transient',
  [cause]: {
    message: `{"error":{"code":403,"message":"\\nfalse for 'create' @ L26, evaluation error at L27:32 for 'update' @ L27, false for 'create' @ L26","status":"PERMISSION_DENIED"}}`,
    code: 403,
    status: 'Forbidden'
  }
}
POST /api/projects error: Error: {"error":{"code":403,"message":"\nfalse for 'create' @ L26, evaluation error at L27:32 for 'update' @ L27, false for 'create' @ L26","status":"PERMISSION_DENIED"}}
    at ignore-listed frames {
  config: {
    headers: Headers {
      authorization: '<<REDACTED> - See `errorRedactor` option in `gaxios` for configuration>.',
      'content-type': 'application/json',
      'google-cloud-resource-prefix': 'projects/demo-hvac-auto/databases/(default)',
      'x-goog-api-client': 'gax/5.0.6-fallback gapic/8.5.0 gl-node/24.14.0 rest/5.0.6 gccl/8.5.0 fire/13.8.0 fire-admin/13.8.0 grpc-web/5.0.6-fallback',
      'x-goog-request-params': 'database=projects%2Fdemo-hvac-auto%2Fdatabases%2F(default)',
      'User-Agent': 'google-api-nodejs-client/10.6.2'
    },
    body: '{"writes":[{"update":{"fields":{"id":{"stringValue":"f0224cf4-efd9-47b9-8810-c29f43977f9e"},"name":{"stringValue":"Smoke DualControl 20260424082600"},"createdBy":{"stringValue":"yqs6xLdh7vaVaidjhSNL45hseF92"},"clientName":{"stringValue":"Smoke Client"},"location":{"stringValue":"Quezon City"},"city":{"stringValue":"Manila"},"buildingType":{"stringValue":"commercial"},"status":{"stringValue":"draft"},"outputClassification":{"stringValue":"preliminary"},"totalFloorArea":{"integerValue":"120"},"floorsAboveGrade":{"integerValue":"1"},"floorsBelowGrade":{"integerValue":"0"},"outdoorDB":{"integerValue":"35"},"outdoorWB":{"doubleValue":27.175206999426916},"outdoorRH":{"integerValue":"55"},"indoorDB":{"integerValue":"24"},"indoorRH":{"integerValue":"50"},"designConditions":{"stringValue":"{}"},"safetyFactor":{"doubleValue":1.1},"diversityFactor":{"doubleValue":0.85},"notes":{"stringValue":""},"suggestedLaborMultiplier":{"doubleValue":0.35},"laborMultiplierOverride":{"nullValue":null},"suggestedOverheadPercent":{"doubleValue":0.15},"overheadPercentOverride":{"nullValue":null},"suggestedContingencyPercent":{"doubleValue":0.05},"contingencyPercentOverride":{"nullValue":null},"suggestedVatRate":{"doubleValue":0.12},"vatRateOverride":{"nullValue":null},"isEquipmentStale":{"booleanValue":false},"isBoqStale":{"booleanValue":false},"lastCoolingLoadAt":{"nullValue":null},"lastEquipmentSyncAt":{"nullValue":null},"lastBoqGeneratedAt":{"nullValue":null},"createdAt":{"stringValue":"2026-04-24T00:26:03.612Z"},"updatedAt":{"stringValue":"2026-04-24T00:26:03.612Z"},"ownerId":{"stringValue":"yqs6xLdh7vaVaidjhSNL45hseF92"}},"name":"projects/demo-hvac-auto/databases/(default)/documents/projects/f0224cf4-efd9-47b9-8810-c29f43977f9e"}}]}',
    method: 'POST',
    signal: AbortSignal { aborted: false },
    responseType: 'stream',
    agent: [Function: agentOption],
    url: URL {
      href: 'http://127.0.0.1:9080/v1/projects/demo-hvac-auto/databases/(default)/documents:commit?$alt=json%3Benum-encoding=int',
      origin: 'http://127.0.0.1:9080',
      protocol: 'http:',
      username: '',
      password: '',
      host: '127.0.0.1:9080',
      hostname: '127.0.0.1',
      port: '9080',
      pathname: '/v1/projects/demo-hvac-auto/databases/(default)/documents:commit',
      search: '?$alt=json%3Benum-encoding=int',
      searchParams: URLSearchParams { '$alt' => 'json;enum-encoding=int' },
      hash: ''
    },
    validateStatus: [Function: validateStatus],
    errorRedactor: [Function: defaultErrorRedactor],
    duplex: 'half'
  },
  response: Response {
    size: 0,
    data: undefined,
    config: {
      headers: Headers {
        authorization: '<<REDACTED> - See `errorRedactor` option in `gaxios` for configuration>.',
        'content-type': 'application/json',
        'google-cloud-resource-prefix': 'projects/demo-hvac-auto/databases/(default)',
        'x-goog-api-client': 'gax/5.0.6-fallback gapic/8.5.0 gl-node/24.14.0 rest/5.0.6 gccl/8.5.0 fire/13.8.0 fire-admin/13.8.0 grpc-web/5.0.6-fallback',
        'x-goog-request-params': 'database=projects%2Fdemo-hvac-auto%2Fdatabases%2F(default)',
        'User-Agent': 'google-api-nodejs-client/10.6.2'
      },
      body: '{"writes":[{"update":{"fields":{"id":{"stringValue":"f0224cf4-efd9-47b9-8810-c29f43977f9e"},"name":{"stringValue":"Smoke DualControl 20260424082600"},"createdBy":{"stringValue":"yqs6xLdh7vaVaidjhSNL45hseF92"},"clientName":{"stringValue":"Smoke Client"},"location":{"stringValue":"Quezon City"},"city":{"stringValue":"Manila"},"buildingType":{"stringValue":"commercial"},"status":{"stringValue":"draft"},"outputClassification":{"stringValue":"preliminary"},"totalFloorArea":{"integerValue":"120"},"floorsAboveGrade":{"integerValue":"1"},"floorsBelowGrade":{"integerValue":"0"},"outdoorDB":{"integerValue":"35"},"outdoorWB":{"doubleValue":27.175206999426916},"outdoorRH":{"integerValue":"55"},"indoorDB":{"integerValue":"24"},"indoorRH":{"integerValue":"50"},"designConditions":{"stringValue":"{}"},"safetyFactor":{"doubleValue":1.1},"diversityFactor":{"doubleValue":0.85},"notes":{"stringValue":""},"suggestedLaborMultiplier":{"doubleValue":0.35},"laborMultiplierOverride":{"nullValue":null},"suggestedOverheadPercent":{"doubleValue":0.15},"overheadPercentOverride":{"nullValue":null},"suggestedContingencyPercent":{"doubleValue":0.05},"contingencyPercentOverride":{"nullValue":null},"suggestedVatRate":{"doubleValue":0.12},"vatRateOverride":{"nullValue":null},"isEquipmentStale":{"booleanValue":false},"isBoqStale":{"booleanValue":false},"lastCoolingLoadAt":{"nullValue":null},"lastEquipmentSyncAt":{"nullValue":null},"lastBoqGeneratedAt":{"nullValue":null},"createdAt":{"stringValue":"2026-04-24T00:26:03.612Z"},"updatedAt":{"stringValue":"2026-04-24T00:26:03.612Z"},"ownerId":{"stringValue":"yqs6xLdh7vaVaidjhSNL45hseF92"}},"name":"projects/demo-hvac-auto/databases/(default)/documents/projects/f0224cf4-efd9-47b9-8810-c29f43977f9e"}}]}',
      method: 'POST',
      signal: [AbortSignal],
      responseType: 'stream',
      agent: [Function: agentOption],
      url: URL {},
      validateStatus: [Function: validateStatus],
      errorRedactor: [Function: defaultErrorRedactor],
      duplex: 'half'
    },
    Symbol(Body internals): {
      body: [PassThrough],
      stream: [PassThrough],
      boundary: null,
      disturbed: false,
      error: null
    },
    Symbol(Response internals): {
      type: 'default',
      url: 'http://127.0.0.1:9080/v1/projects/demo-hvac-auto/databases/(default)/documents:commit?$alt=json%3Benum-encoding=int',
      status: 403,
      statusText: 'Forbidden',
      headers: [Object],
      counter: 0,
      highWaterMark: 16384
    }
  },
  code: 403,
  status: 403,
  error: undefined,
  note: 'Exception occurred in retry method that was not classified as transient',
  [cause]: {
    message: `{"error":{"code":403,"message":"\\nfalse for 'create' @ L26, evaluation error at L27:32 for 'update' @ L27, false for 'create' @ L26","status":"PERMISSION_DENIED"}}`,
    code: 403,
    status: 'Forbidden'
  }
}
POST /api/projects error: Error: {"error":{"code":403,"message":"\nfalse for 'create' @ L26, evaluation error at L27:32 for 'update' @ L27, false for 'create' @ L26","status":"PERMISSION_DENIED"}}
    at ignore-listed frames {
  config: {
    headers: Headers {
      authorization: '<<REDACTED> - See `errorRedactor` option in `gaxios` for configuration>.',
      'content-type': 'application/json',
      'google-cloud-resource-prefix': 'projects/demo-hvac-auto/databases/(default)',
      'x-goog-api-client': 'gax/5.0.6-fallback gapic/8.5.0 gl-node/24.14.0 rest/5.0.6 gccl/8.5.0 fire/13.8.0 fire-admin/13.8.0 grpc-web/5.0.6-fallback',
      'x-goog-request-params': 'database=projects%2Fdemo-hvac-auto%2Fdatabases%2F(default)',
      'User-Agent': 'google-api-nodejs-client/10.6.2'
    },
    body: '{"writes":[{"update":{"fields":{"id":{"stringValue":"1611cfd8-90d3-49e5-8387-1e06576e1385"},"name":{"stringValue":"Smoke DualControl 20260424082600"},"createdBy":{"stringValue":"yqs6xLdh7vaVaidjhSNL45hseF92"},"clientName":{"stringValue":"Smoke Client"},"location":{"stringValue":"Quezon City"},"city":{"stringValue":"Manila"},"buildingType":{"stringValue":"commercial"},"status":{"stringValue":"draft"},"outputClassification":{"stringValue":"preliminary"},"totalFloorArea":{"integerValue":"120"},"floorsAboveGrade":{"integerValue":"1"},"floorsBelowGrade":{"integerValue":"0"},"outdoorDB":{"integerValue":"35"},"outdoorWB":{"doubleValue":27.175206999426916},"outdoorRH":{"integerValue":"55"},"indoorDB":{"integerValue":"24"},"indoorRH":{"integerValue":"50"},"designConditions":{"stringValue":"{}"},"safetyFactor":{"doubleValue":1.1},"diversityFactor":{"doubleValue":0.85},"notes":{"stringValue":""},"suggestedLaborMultiplier":{"doubleValue":0.35},"laborMultiplierOverride":{"nullValue":null},"suggestedOverheadPercent":{"doubleValue":0.15},"overheadPercentOverride":{"nullValue":null},"suggestedContingencyPercent":{"doubleValue":0.05},"contingencyPercentOverride":{"nullValue":null},"suggestedVatRate":{"doubleValue":0.12},"vatRateOverride":{"nullValue":null},"isEquipmentStale":{"booleanValue":false},"isBoqStale":{"booleanValue":false},"lastCoolingLoadAt":{"nullValue":null},"lastEquipmentSyncAt":{"nullValue":null},"lastBoqGeneratedAt":{"nullValue":null},"createdAt":{"stringValue":"2026-04-24T00:26:06.198Z"},"updatedAt":{"stringValue":"2026-04-24T00:26:06.198Z"},"ownerId":{"stringValue":"yqs6xLdh7vaVaidjhSNL45hseF92"}},"name":"projects/demo-hvac-auto/databases/(default)/documents/projects/1611cfd8-90d3-49e5-8387-1e06576e1385"}}]}',
    method: 'POST',
    signal: AbortSignal { aborted: false },
    responseType: 'stream',
    agent: [Function: agentOption],
    url: URL {
      href: 'http://127.0.0.1:9080/v1/projects/demo-hvac-auto/databases/(default)/documents:commit?$alt=json%3Benum-encoding=int',
      origin: 'http://127.0.0.1:9080',
      protocol: 'http:',
      username: '',
      password: '',
      host: '127.0.0.1:9080',
      hostname: '127.0.0.1',
      port: '9080',
      pathname: '/v1/projects/demo-hvac-auto/databases/(default)/documents:commit',
      search: '?$alt=json%3Benum-encoding=int',
      searchParams: URLSearchParams { '$alt' => 'json;enum-encoding=int' },
      hash: ''
    },
    validateStatus: [Function: validateStatus],
    errorRedactor: [Function: defaultErrorRedactor],
    duplex: 'half'
  },
  response: Response {
    size: 0,
    data: undefined,
    config: {
      headers: Headers {
        authorization: '<<REDACTED> - See `errorRedactor` option in `gaxios` for configuration>.',
        'content-type': 'application/json',
        'google-cloud-resource-prefix': 'projects/demo-hvac-auto/databases/(default)',
        'x-goog-api-client': 'gax/5.0.6-fallback gapic/8.5.0 gl-node/24.14.0 rest/5.0.6 gccl/8.5.0 fire/13.8.0 fire-admin/13.8.0 grpc-web/5.0.6-fallback',
        'x-goog-request-params': 'database=projects%2Fdemo-hvac-auto%2Fdatabases%2F(default)',
        'User-Agent': 'google-api-nodejs-client/10.6.2'
      },
      body: '{"writes":[{"update":{"fields":{"id":{"stringValue":"1611cfd8-90d3-49e5-8387-1e06576e1385"},"name":{"stringValue":"Smoke DualControl 20260424082600"},"createdBy":{"stringValue":"yqs6xLdh7vaVaidjhSNL45hseF92"},"clientName":{"stringValue":"Smoke Client"},"location":{"stringValue":"Quezon City"},"city":{"stringValue":"Manila"},"buildingType":{"stringValue":"commercial"},"status":{"stringValue":"draft"},"outputClassification":{"stringValue":"preliminary"},"totalFloorArea":{"integerValue":"120"},"floorsAboveGrade":{"integerValue":"1"},"floorsBelowGrade":{"integerValue":"0"},"outdoorDB":{"integerValue":"35"},"outdoorWB":{"doubleValue":27.175206999426916},"outdoorRH":{"integerValue":"55"},"indoorDB":{"integerValue":"24"},"indoorRH":{"integerValue":"50"},"designConditions":{"stringValue":"{}"},"safetyFactor":{"doubleValue":1.1},"diversityFactor":{"doubleValue":0.85},"notes":{"stringValue":""},"suggestedLaborMultiplier":{"doubleValue":0.35},"laborMultiplierOverride":{"nullValue":null},"suggestedOverheadPercent":{"doubleValue":0.15},"overheadPercentOverride":{"nullValue":null},"suggestedContingencyPercent":{"doubleValue":0.05},"contingencyPercentOverride":{"nullValue":null},"suggestedVatRate":{"doubleValue":0.12},"vatRateOverride":{"nullValue":null},"isEquipmentStale":{"booleanValue":false},"isBoqStale":{"booleanValue":false},"lastCoolingLoadAt":{"nullValue":null},"lastEquipmentSyncAt":{"nullValue":null},"lastBoqGeneratedAt":{"nullValue":null},"createdAt":{"stringValue":"2026-04-24T00:26:06.198Z"},"updatedAt":{"stringValue":"2026-04-24T00:26:06.198Z"},"ownerId":{"stringValue":"yqs6xLdh7vaVaidjhSNL45hseF92"}},"name":"projects/demo-hvac-auto/databases/(default)/documents/projects/1611cfd8-90d3-49e5-8387-1e06576e1385"}}]}',
      method: 'POST',
      signal: [AbortSignal],
      responseType: 'stream',
      agent: [Function: agentOption],
      url: URL {},
      validateStatus: [Function: validateStatus],
      errorRedactor: [Function: defaultErrorRedactor],
      duplex: 'half'
    },
    Symbol(Body internals): {
      body: [PassThrough],
      stream: [PassThrough],
      boundary: null,
      disturbed: false,
      error: null
    },
    Symbol(Response internals): {
      type: 'default',
      url: 'http://127.0.0.1:9080/v1/projects/demo-hvac-auto/databases/(default)/documents:commit?$alt=json%3Benum-encoding=int',
      status: 403,
      statusText: 'Forbidden',
      headers: [Object],
      counter: 0,
      highWaterMark: 16384
    }
  },
  code: 403,
  status: 403,
  error: undefined,
  note: 'Exception occurred in retry method that was not classified as transient',
  [cause]: {
    message: `{"error":{"code":403,"message":"\\nfalse for 'create' @ L26, evaluation error at L27:32 for 'update' @ L27, false for 'create' @ L26","status":"PERMISSION_DENIED"}}`,
    code: 403,
    status: 'Forbidden'
  }
}
POST /api/projects error: Error: {"error":{"code":403,"message":"\nfalse for 'create' @ L26, evaluation error at L27:32 for 'update' @ L27, false for 'create' @ L26","status":"PERMISSION_DENIED"}}
    at ignore-listed frames {
  config: {
    headers: Headers {
      authorization: '<<REDACTED> - See `errorRedactor` option in `gaxios` for configuration>.',
      'content-type': 'application/json',
      'google-cloud-resource-prefix': 'projects/demo-hvac-auto/databases/(default)',
      'x-goog-api-client': 'gax/5.0.6-fallback gapic/8.5.0 gl-node/24.14.0 rest/5.0.6 gccl/8.5.0 fire/13.8.0 fire-admin/13.8.0 grpc-web/5.0.6-fallback',
      'x-goog-request-params': 'database=projects%2Fdemo-hvac-auto%2Fdatabases%2F(default)',
      'User-Agent': 'google-api-nodejs-client/10.6.2'
    },
    body: '{"writes":[{"update":{"fields":{"id":{"stringValue":"5064615d-bd8d-4b69-a86d-4a6f2ebc1c00"},"name":{"stringValue":"Smoke DualControl 20260424082600"},"createdBy":{"stringValue":"yqs6xLdh7vaVaidjhSNL45hseF92"},"clientName":{"stringValue":"Smoke Client"},"location":{"stringValue":"Quezon City"},"city":{"stringValue":"Manila"},"buildingType":{"stringValue":"commercial"},"status":{"stringValue":"draft"},"outputClassification":{"stringValue":"preliminary"},"totalFloorArea":{"integerValue":"120"},"floorsAboveGrade":{"integerValue":"1"},"floorsBelowGrade":{"integerValue":"0"},"outdoorDB":{"integerValue":"35"},"outdoorWB":{"doubleValue":27.175206999426916},"outdoorRH":{"integerValue":"55"},"indoorDB":{"integerValue":"24"},"indoorRH":{"integerValue":"50"},"designConditions":{"stringValue":"{}"},"safetyFactor":{"doubleValue":1.1},"diversityFactor":{"doubleValue":0.85},"notes":{"stringValue":""},"suggestedLaborMultiplier":{"doubleValue":0.35},"laborMultiplierOverride":{"nullValue":null},"suggestedOverheadPercent":{"doubleValue":0.15},"overheadPercentOverride":{"nullValue":null},"suggestedContingencyPercent":{"doubleValue":0.05},"contingencyPercentOverride":{"nullValue":null},"suggestedVatRate":{"doubleValue":0.12},"vatRateOverride":{"nullValue":null},"isEquipmentStale":{"booleanValue":false},"isBoqStale":{"booleanValue":false},"lastCoolingLoadAt":{"nullValue":null},"lastEquipmentSyncAt":{"nullValue":null},"lastBoqGeneratedAt":{"nullValue":null},"createdAt":{"stringValue":"2026-04-24T00:26:09.513Z"},"updatedAt":{"stringValue":"2026-04-24T00:26:09.513Z"},"ownerId":{"stringValue":"yqs6xLdh7vaVaidjhSNL45hseF92"}},"name":"projects/demo-hvac-auto/databases/(default)/documents/projects/5064615d-bd8d-4b69-a86d-4a6f2ebc1c00"}}]}',
    method: 'POST',
    signal: AbortSignal { aborted: false },
    responseType: 'stream',
    agent: [Function: agentOption],
    url: URL {
      href: 'http://127.0.0.1:9080/v1/projects/demo-hvac-auto/databases/(default)/documents:commit?$alt=json%3Benum-encoding=int',
      origin: 'http://127.0.0.1:9080',
      protocol: 'http:',
      username: '',
      password: '',
      host: '127.0.0.1:9080',
      hostname: '127.0.0.1',
      port: '9080',
      pathname: '/v1/projects/demo-hvac-auto/databases/(default)/documents:commit',
      search: '?$alt=json%3Benum-encoding=int',
      searchParams: URLSearchParams { '$alt' => 'json;enum-encoding=int' },
      hash: ''
    },
    validateStatus: [Function: validateStatus],
    errorRedactor: [Function: defaultErrorRedactor],
    duplex: 'half'
  },
  response: Response {
    size: 0,
    data: undefined,
    config: {
      headers: Headers {
        authorization: '<<REDACTED> - See `errorRedactor` option in `gaxios` for configuration>.',
        'content-type': 'application/json',
        'google-cloud-resource-prefix': 'projects/demo-hvac-auto/databases/(default)',
        'x-goog-api-client': 'gax/5.0.6-fallback gapic/8.5.0 gl-node/24.14.0 rest/5.0.6 gccl/8.5.0 fire/13.8.0 fire-admin/13.8.0 grpc-web/5.0.6-fallback',
        'x-goog-request-params': 'database=projects%2Fdemo-hvac-auto%2Fdatabases%2F(default)',
        'User-Agent': 'google-api-nodejs-client/10.6.2'
      },
      body: '{"writes":[{"update":{"fields":{"id":{"stringValue":"5064615d-bd8d-4b69-a86d-4a6f2ebc1c00"},"name":{"stringValue":"Smoke DualControl 20260424082600"},"createdBy":{"stringValue":"yqs6xLdh7vaVaidjhSNL45hseF92"},"clientName":{"stringValue":"Smoke Client"},"location":{"stringValue":"Quezon City"},"city":{"stringValue":"Manila"},"buildingType":{"stringValue":"commercial"},"status":{"stringValue":"draft"},"outputClassification":{"stringValue":"preliminary"},"totalFloorArea":{"integerValue":"120"},"floorsAboveGrade":{"integerValue":"1"},"floorsBelowGrade":{"integerValue":"0"},"outdoorDB":{"integerValue":"35"},"outdoorWB":{"doubleValue":27.175206999426916},"outdoorRH":{"integerValue":"55"},"indoorDB":{"integerValue":"24"},"indoorRH":{"integerValue":"50"},"designConditions":{"stringValue":"{}"},"safetyFactor":{"doubleValue":1.1},"diversityFactor":{"doubleValue":0.85},"notes":{"stringValue":""},"suggestedLaborMultiplier":{"doubleValue":0.35},"laborMultiplierOverride":{"nullValue":null},"suggestedOverheadPercent":{"doubleValue":0.15},"overheadPercentOverride":{"nullValue":null},"suggestedContingencyPercent":{"doubleValue":0.05},"contingencyPercentOverride":{"nullValue":null},"suggestedVatRate":{"doubleValue":0.12},"vatRateOverride":{"nullValue":null},"isEquipmentStale":{"booleanValue":false},"isBoqStale":{"booleanValue":false},"lastCoolingLoadAt":{"nullValue":null},"lastEquipmentSyncAt":{"nullValue":null},"lastBoqGeneratedAt":{"nullValue":null},"createdAt":{"stringValue":"2026-04-24T00:26:09.513Z"},"updatedAt":{"stringValue":"2026-04-24T00:26:09.513Z"},"ownerId":{"stringValue":"yqs6xLdh7vaVaidjhSNL45hseF92"}},"name":"projects/demo-hvac-auto/databases/(default)/documents/projects/5064615d-bd8d-4b69-a86d-4a6f2ebc1c00"}}]}',
      method: 'POST',
      signal: [AbortSignal],
      responseType: 'stream',
      agent: [Function: agentOption],
      url: URL {},
      validateStatus: [Function: validateStatus],
      errorRedactor: [Function: defaultErrorRedactor],
      duplex: 'half'
    },
    Symbol(Body internals): {
      body: [PassThrough],
      stream: [PassThrough],
      boundary: null,
      disturbed: false,
      error: null
    },
    Symbol(Response internals): {
      type: 'default',
      url: 'http://127.0.0.1:9080/v1/projects/demo-hvac-auto/databases/(default)/documents:commit?$alt=json%3Benum-encoding=int',
      status: 403,
      statusText: 'Forbidden',
      headers: [Object],
      counter: 0,
      highWaterMark: 16384
    }
  },
  code: 403,
  status: 403,
  error: undefined,
  note: 'Exception occurred in retry method that was not classified as transient',
  [cause]: {
    message: `{"error":{"code":403,"message":"\\nfalse for 'create' @ L26, evaluation error at L27:32 for 'update' @ L27, false for 'create' @ L26","status":"PERMISSION_DENIED"}}`,
    code: 403,
    status: 'Forbidden'
  }
}
