POST /api/projects error: Error: {"error":{"code":403,"message":"\nfalse for 'create' @ L40, evaluation error at L41:32 for 'update' @ L41, false for 'create' @ L40","status":"PERMISSION_DENIED"}}
    at ignore-listed frames {
  config: {
    headers: Headers {
      authorization: '<<REDACTED> - See `errorRedactor` option in `gaxios` for configuration>.',
      'content-type': 'application/json',
      'google-cloud-resource-prefix': 'projects/demo-hvac-auto/databases/(default)',
      'x-goog-api-client': 'gax/5.0.6-fallback gapic/8.5.0 gl-node/24.14.0 rest/5.0.6 gccl/8.5.0 fire/13.8.0 fire-admin/13.8.0 grpc-web/5.0.6-fallback',
      'x-goog-request-params': 'database=projects%2Fdemo-hvac-auto%2Fdatabases%2F(default)',
      'User-Agent': 'google-api-nodejs-client/10.6.2'
    },
    body: '{"writes":[{"update":{"fields":{"id":{"stringValue":"6764fd82-9fbe-43b6-81de-09b3668cbb66"},"name":{"stringValue":"Smoke DualControl 20260424082941"},"createdBy":{"stringValue":"ar0xNiC3aIbzfCBI5SFny4ZAt002"},"clientName":{"stringValue":"Smoke Client"},"location":{"stringValue":"Quezon City"},"city":{"stringValue":"Manila"},"buildingType":{"stringValue":"commercial"},"status":{"stringValue":"draft"},"outputClassification":{"stringValue":"preliminary"},"totalFloorArea":{"integerValue":"120"},"floorsAboveGrade":{"integerValue":"1"},"floorsBelowGrade":{"integerValue":"0"},"outdoorDB":{"integerValue":"35"},"outdoorWB":{"doubleValue":27.175206999426916},"outdoorRH":{"integerValue":"55"},"indoorDB":{"integerValue":"24"},"indoorRH":{"integerValue":"50"},"designConditions":{"stringValue":"{}"},"safetyFactor":{"doubleValue":1.1},"diversityFactor":{"doubleValue":0.85},"notes":{"stringValue":""},"suggestedLaborMultiplier":{"doubleValue":0.35},"laborMultiplierOverride":{"nullValue":null},"suggestedOverheadPercent":{"doubleValue":0.15},"overheadPercentOverride":{"nullValue":null},"suggestedContingencyPercent":{"doubleValue":0.05},"contingencyPercentOverride":{"nullValue":null},"suggestedVatRate":{"doubleValue":0.12},"vatRateOverride":{"nullValue":null},"isEquipmentStale":{"booleanValue":false},"isBoqStale":{"booleanValue":false},"lastCoolingLoadAt":{"nullValue":null},"lastEquipmentSyncAt":{"nullValue":null},"lastBoqGeneratedAt":{"nullValue":null},"createdAt":{"stringValue":"2026-04-24T00:29:42.030Z"},"updatedAt":{"stringValue":"2026-04-24T00:29:42.030Z"},"ownerId":{"stringValue":"ar0xNiC3aIbzfCBI5SFny4ZAt002"}},"name":"projects/demo-hvac-auto/databases/(default)/documents/projects/6764fd82-9fbe-43b6-81de-09b3668cbb66"}}]}',
    method: 'POST',
    signal: AbortSignal { aborted: false },
    responseType: 'stream',
    agent: [Function: agentOption],
    url: URL {
      href: 'http://127.0.0.1:9080/v1/projects/demo-hvac-auto/databases/(default)/documents:commit?$alt=json%3Benum-encoding=int',
      origin: 'http://127.0.0.1:9080',
      protocol: 'http:',
      username: '',
      password: '',
      host: '127.0.0.1:9080',
      hostname: '127.0.0.1',
      port: '9080',
      pathname: '/v1/projects/demo-hvac-auto/databases/(default)/documents:commit',
      search: '?$alt=json%3Benum-encoding=int',
      searchParams: URLSearchParams { '$alt' => 'json;enum-encoding=int' },
      hash: ''
    },
    validateStatus: [Function: validateStatus],
    errorRedactor: [Function: defaultErrorRedactor],
    duplex: 'half'
  },
  response: Response {
    size: 0,
    data: undefined,
    config: {
      headers: Headers {
        authorization: '<<REDACTED> - See `errorRedactor` option in `gaxios` for configuration>.',
        'content-type': 'application/json',
        'google-cloud-resource-prefix': 'projects/demo-hvac-auto/databases/(default)',
        'x-goog-api-client': 'gax/5.0.6-fallback gapic/8.5.0 gl-node/24.14.0 rest/5.0.6 gccl/8.5.0 fire/13.8.0 fire-admin/13.8.0 grpc-web/5.0.6-fallback',
        'x-goog-request-params': 'database=projects%2Fdemo-hvac-auto%2Fdatabases%2F(default)',
        'User-Agent': 'google-api-nodejs-client/10.6.2'
      },
      body: '{"writes":[{"update":{"fields":{"id":{"stringValue":"6764fd82-9fbe-43b6-81de-09b3668cbb66"},"name":{"stringValue":"Smoke DualControl 20260424082941"},"createdBy":{"stringValue":"ar0xNiC3aIbzfCBI5SFny4ZAt002"},"clientName":{"stringValue":"Smoke Client"},"location":{"stringValue":"Quezon City"},"city":{"stringValue":"Manila"},"buildingType":{"stringValue":"commercial"},"status":{"stringValue":"draft"},"outputClassification":{"stringValue":"preliminary"},"totalFloorArea":{"integerValue":"120"},"floorsAboveGrade":{"integerValue":"1"},"floorsBelowGrade":{"integerValue":"0"},"outdoorDB":{"integerValue":"35"},"outdoorWB":{"doubleValue":27.175206999426916},"outdoorRH":{"integerValue":"55"},"indoorDB":{"integerValue":"24"},"indoorRH":{"integerValue":"50"},"designConditions":{"stringValue":"{}"},"safetyFactor":{"doubleValue":1.1},"diversityFactor":{"doubleValue":0.85},"notes":{"stringValue":""},"suggestedLaborMultiplier":{"doubleValue":0.35},"laborMultiplierOverride":{"nullValue":null},"suggestedOverheadPercent":{"doubleValue":0.15},"overheadPercentOverride":{"nullValue":null},"suggestedContingencyPercent":{"doubleValue":0.05},"contingencyPercentOverride":{"nullValue":null},"suggestedVatRate":{"doubleValue":0.12},"vatRateOverride":{"nullValue":null},"isEquipmentStale":{"booleanValue":false},"isBoqStale":{"booleanValue":false},"lastCoolingLoadAt":{"nullValue":null},"lastEquipmentSyncAt":{"nullValue":null},"lastBoqGeneratedAt":{"nullValue":null},"createdAt":{"stringValue":"2026-04-24T00:29:42.030Z"},"updatedAt":{"stringValue":"2026-04-24T00:29:42.030Z"},"ownerId":{"stringValue":"ar0xNiC3aIbzfCBI5SFny4ZAt002"}},"name":"projects/demo-hvac-auto/databases/(default)/documents/projects/6764fd82-9fbe-43b6-81de-09b3668cbb66"}}]}',
      method: 'POST',
      signal: [AbortSignal],
      responseType: 'stream',
      agent: [Function: agentOption],
      url: URL {},
      validateStatus: [Function: validateStatus],
      errorRedactor: [Function: defaultErrorRedactor],
      duplex: 'half'
    },
    Symbol(Body internals): {
      body: [PassThrough],
      stream: [PassThrough],
      boundary: null,
      disturbed: false,
      error: null
    },
    Symbol(Response internals): {
      type: 'default',
      url: 'http://127.0.0.1:9080/v1/projects/demo-hvac-auto/databases/(default)/documents:commit?$alt=json%3Benum-encoding=int',
      status: 403,
      statusText: 'Forbidden',
      headers: [Object],
      counter: 0,
      highWaterMark: 16384
    }
  },
  code: 403,
  status: 403,
  error: undefined,
  note: 'Exception occurred in retry method that was not classified as transient',
  [cause]: {
    message: `{"error":{"code":403,"message":"\\nfalse for 'create' @ L40, evaluation error at L41:32 for 'update' @ L41, false for 'create' @ L40","status":"PERMISSION_DENIED"}}`,
    code: 403,
    status: 'Forbidden'
  }
}
POST /api/projects error: Error: {"error":{"code":403,"message":"\nfalse for 'create' @ L40, evaluation error at L41:32 for 'update' @ L41, false for 'create' @ L40","status":"PERMISSION_DENIED"}}
    at ignore-listed frames {
  config: {
    headers: Headers {
      authorization: '<<REDACTED> - See `errorRedactor` option in `gaxios` for configuration>.',
      'content-type': 'application/json',
      'google-cloud-resource-prefix': 'projects/demo-hvac-auto/databases/(default)',
      'x-goog-api-client': 'gax/5.0.6-fallback gapic/8.5.0 gl-node/24.14.0 rest/5.0.6 gccl/8.5.0 fire/13.8.0 fire-admin/13.8.0 grpc-web/5.0.6-fallback',
      'x-goog-request-params': 'database=projects%2Fdemo-hvac-auto%2Fdatabases%2F(default)',
      'User-Agent': 'google-api-nodejs-client/10.6.2'
    },
    body: '{"writes":[{"update":{"fields":{"id":{"stringValue":"f8bb2afb-02b3-457a-a8cd-87a5084cee71"},"name":{"stringValue":"Smoke DualControl 20260424082941"},"createdBy":{"stringValue":"ar0xNiC3aIbzfCBI5SFny4ZAt002"},"clientName":{"stringValue":"Smoke Client"},"location":{"stringValue":"Quezon City"},"city":{"stringValue":"Manila"},"buildingType":{"stringValue":"commercial"},"status":{"stringValue":"draft"},"outputClassification":{"stringValue":"preliminary"},"totalFloorArea":{"integerValue":"120"},"floorsAboveGrade":{"integerValue":"1"},"floorsBelowGrade":{"integerValue":"0"},"outdoorDB":{"integerValue":"35"},"outdoorWB":{"doubleValue":27.175206999426916},"outdoorRH":{"integerValue":"55"},"indoorDB":{"integerValue":"24"},"indoorRH":{"integerValue":"50"},"designConditions":{"stringValue":"{}"},"safetyFactor":{"doubleValue":1.1},"diversityFactor":{"doubleValue":0.85},"notes":{"stringValue":""},"suggestedLaborMultiplier":{"doubleValue":0.35},"laborMultiplierOverride":{"nullValue":null},"suggestedOverheadPercent":{"doubleValue":0.15},"overheadPercentOverride":{"nullValue":null},"suggestedContingencyPercent":{"doubleValue":0.05},"contingencyPercentOverride":{"nullValue":null},"suggestedVatRate":{"doubleValue":0.12},"vatRateOverride":{"nullValue":null},"isEquipmentStale":{"booleanValue":false},"isBoqStale":{"booleanValue":false},"lastCoolingLoadAt":{"nullValue":null},"lastEquipmentSyncAt":{"nullValue":null},"lastBoqGeneratedAt":{"nullValue":null},"createdAt":{"stringValue":"2026-04-24T00:29:43.214Z"},"updatedAt":{"stringValue":"2026-04-24T00:29:43.214Z"},"ownerId":{"stringValue":"ar0xNiC3aIbzfCBI5SFny4ZAt002"}},"name":"projects/demo-hvac-auto/databases/(default)/documents/projects/f8bb2afb-02b3-457a-a8cd-87a5084cee71"}}]}',
    method: 'POST',
    signal: AbortSignal { aborted: false },
    responseType: 'stream',
    agent: [Function: agentOption],
    url: URL {
      href: 'http://127.0.0.1:9080/v1/projects/demo-hvac-auto/databases/(default)/documents:commit?$alt=json%3Benum-encoding=int',
      origin: 'http://127.0.0.1:9080',
      protocol: 'http:',
      username: '',
      password: '',
      host: '127.0.0.1:9080',
      hostname: '127.0.0.1',
      port: '9080',
      pathname: '/v1/projects/demo-hvac-auto/databases/(default)/documents:commit',
      search: '?$alt=json%3Benum-encoding=int',
      searchParams: URLSearchParams { '$alt' => 'json;enum-encoding=int' },
      hash: ''
    },
    validateStatus: [Function: validateStatus],
    errorRedactor: [Function: defaultErrorRedactor],
    duplex: 'half'
  },
  response: Response {
    size: 0,
    data: undefined,
    config: {
      headers: Headers {
        authorization: '<<REDACTED> - See `errorRedactor` option in `gaxios` for configuration>.',
        'content-type': 'application/json',
        'google-cloud-resource-prefix': 'projects/demo-hvac-auto/databases/(default)',
        'x-goog-api-client': 'gax/5.0.6-fallback gapic/8.5.0 gl-node/24.14.0 rest/5.0.6 gccl/8.5.0 fire/13.8.0 fire-admin/13.8.0 grpc-web/5.0.6-fallback',
        'x-goog-request-params': 'database=projects%2Fdemo-hvac-auto%2Fdatabases%2F(default)',
        'User-Agent': 'google-api-nodejs-client/10.6.2'
      },
      body: '{"writes":[{"update":{"fields":{"id":{"stringValue":"f8bb2afb-02b3-457a-a8cd-87a5084cee71"},"name":{"stringValue":"Smoke DualControl 20260424082941"},"createdBy":{"stringValue":"ar0xNiC3aIbzfCBI5SFny4ZAt002"},"clientName":{"stringValue":"Smoke Client"},"location":{"stringValue":"Quezon City"},"city":{"stringValue":"Manila"},"buildingType":{"stringValue":"commercial"},"status":{"stringValue":"draft"},"outputClassification":{"stringValue":"preliminary"},"totalFloorArea":{"integerValue":"120"},"floorsAboveGrade":{"integerValue":"1"},"floorsBelowGrade":{"integerValue":"0"},"outdoorDB":{"integerValue":"35"},"outdoorWB":{"doubleValue":27.175206999426916},"outdoorRH":{"integerValue":"55"},"indoorDB":{"integerValue":"24"},"indoorRH":{"integerValue":"50"},"designConditions":{"stringValue":"{}"},"safetyFactor":{"doubleValue":1.1},"diversityFactor":{"doubleValue":0.85},"notes":{"stringValue":""},"suggestedLaborMultiplier":{"doubleValue":0.35},"laborMultiplierOverride":{"nullValue":null},"suggestedOverheadPercent":{"doubleValue":0.15},"overheadPercentOverride":{"nullValue":null},"suggestedContingencyPercent":{"doubleValue":0.05},"contingencyPercentOverride":{"nullValue":null},"suggestedVatRate":{"doubleValue":0.12},"vatRateOverride":{"nullValue":null},"isEquipmentStale":{"booleanValue":false},"isBoqStale":{"booleanValue":false},"lastCoolingLoadAt":{"nullValue":null},"lastEquipmentSyncAt":{"nullValue":null},"lastBoqGeneratedAt":{"nullValue":null},"createdAt":{"stringValue":"2026-04-24T00:29:43.214Z"},"updatedAt":{"stringValue":"2026-04-24T00:29:43.214Z"},"ownerId":{"stringValue":"ar0xNiC3aIbzfCBI5SFny4ZAt002"}},"name":"projects/demo-hvac-auto/databases/(default)/documents/projects/f8bb2afb-02b3-457a-a8cd-87a5084cee71"}}]}',
      method: 'POST',
      signal: [AbortSignal],
      responseType: 'stream',
      agent: [Function: agentOption],
      url: URL {},
      validateStatus: [Function: validateStatus],
      errorRedactor: [Function: defaultErrorRedactor],
      duplex: 'half'
    },
    Symbol(Body internals): {
      body: [PassThrough],
      stream: [PassThrough],
      boundary: null,
      disturbed: false,
      error: null
    },
    Symbol(Response internals): {
      type: 'default',
      url: 'http://127.0.0.1:9080/v1/projects/demo-hvac-auto/databases/(default)/documents:commit?$alt=json%3Benum-encoding=int',
      status: 403,
      statusText: 'Forbidden',
      headers: [Object],
      counter: 0,
      highWaterMark: 16384
    }
  },
  code: 403,
  status: 403,
  error: undefined,
  note: 'Exception occurred in retry method that was not classified as transient',
  [cause]: {
    message: `{"error":{"code":403,"message":"\\nfalse for 'create' @ L40, evaluation error at L41:32 for 'update' @ L41, false for 'create' @ L40","status":"PERMISSION_DENIED"}}`,
    code: 403,
    status: 'Forbidden'
  }
}
POST /api/projects error: Error: {"error":{"code":403,"message":"\nfalse for 'create' @ L40, evaluation error at L41:32 for 'update' @ L41, false for 'create' @ L40","status":"PERMISSION_DENIED"}}
    at ignore-listed frames {
  config: {
    headers: Headers {
      authorization: '<<REDACTED> - See `errorRedactor` option in `gaxios` for configuration>.',
      'content-type': 'application/json',
      'google-cloud-resource-prefix': 'projects/demo-hvac-auto/databases/(default)',
      'x-goog-api-client': 'gax/5.0.6-fallback gapic/8.5.0 gl-node/24.14.0 rest/5.0.6 gccl/8.5.0 fire/13.8.0 fire-admin/13.8.0 grpc-web/5.0.6-fallback',
      'x-goog-request-params': 'database=projects%2Fdemo-hvac-auto%2Fdatabases%2F(default)',
      'User-Agent': 'google-api-nodejs-client/10.6.2'
    },
    body: '{"writes":[{"update":{"fields":{"id":{"stringValue":"58abc53b-6628-4cf6-bd0e-c925370efa98"},"name":{"stringValue":"Smoke DualControl 20260424082941"},"createdBy":{"stringValue":"ar0xNiC3aIbzfCBI5SFny4ZAt002"},"clientName":{"stringValue":"Smoke Client"},"location":{"stringValue":"Quezon City"},"city":{"stringValue":"Manila"},"buildingType":{"stringValue":"commercial"},"status":{"stringValue":"draft"},"outputClassification":{"stringValue":"preliminary"},"totalFloorArea":{"integerValue":"120"},"floorsAboveGrade":{"integerValue":"1"},"floorsBelowGrade":{"integerValue":"0"},"outdoorDB":{"integerValue":"35"},"outdoorWB":{"doubleValue":27.175206999426916},"outdoorRH":{"integerValue":"55"},"indoorDB":{"integerValue":"24"},"indoorRH":{"integerValue":"50"},"designConditions":{"stringValue":"{}"},"safetyFactor":{"doubleValue":1.1},"diversityFactor":{"doubleValue":0.85},"notes":{"stringValue":""},"suggestedLaborMultiplier":{"doubleValue":0.35},"laborMultiplierOverride":{"nullValue":null},"suggestedOverheadPercent":{"doubleValue":0.15},"overheadPercentOverride":{"nullValue":null},"suggestedContingencyPercent":{"doubleValue":0.05},"contingencyPercentOverride":{"nullValue":null},"suggestedVatRate":{"doubleValue":0.12},"vatRateOverride":{"nullValue":null},"isEquipmentStale":{"booleanValue":false},"isBoqStale":{"booleanValue":false},"lastCoolingLoadAt":{"nullValue":null},"lastEquipmentSyncAt":{"nullValue":null},"lastBoqGeneratedAt":{"nullValue":null},"createdAt":{"stringValue":"2026-04-24T00:29:45.057Z"},"updatedAt":{"stringValue":"2026-04-24T00:29:45.057Z"},"ownerId":{"stringValue":"ar0xNiC3aIbzfCBI5SFny4ZAt002"}},"name":"projects/demo-hvac-auto/databases/(default)/documents/projects/58abc53b-6628-4cf6-bd0e-c925370efa98"}}]}',
    method: 'POST',
    signal: AbortSignal { aborted: false },
    responseType: 'stream',
    agent: [Function: agentOption],
    url: URL {
      href: 'http://127.0.0.1:9080/v1/projects/demo-hvac-auto/databases/(default)/documents:commit?$alt=json%3Benum-encoding=int',
      origin: 'http://127.0.0.1:9080',
      protocol: 'http:',
      username: '',
      password: '',
      host: '127.0.0.1:9080',
      hostname: '127.0.0.1',
      port: '9080',
      pathname: '/v1/projects/demo-hvac-auto/databases/(default)/documents:commit',
      search: '?$alt=json%3Benum-encoding=int',
      searchParams: URLSearchParams { '$alt' => 'json;enum-encoding=int' },
      hash: ''
    },
    validateStatus: [Function: validateStatus],
    errorRedactor: [Function: defaultErrorRedactor],
    duplex: 'half'
  },
  response: Response {
    size: 0,
    data: undefined,
    config: {
      headers: Headers {
        authorization: '<<REDACTED> - See `errorRedactor` option in `gaxios` for configuration>.',
        'content-type': 'application/json',
        'google-cloud-resource-prefix': 'projects/demo-hvac-auto/databases/(default)',
        'x-goog-api-client': 'gax/5.0.6-fallback gapic/8.5.0 gl-node/24.14.0 rest/5.0.6 gccl/8.5.0 fire/13.8.0 fire-admin/13.8.0 grpc-web/5.0.6-fallback',
        'x-goog-request-params': 'database=projects%2Fdemo-hvac-auto%2Fdatabases%2F(default)',
        'User-Agent': 'google-api-nodejs-client/10.6.2'
      },
      body: '{"writes":[{"update":{"fields":{"id":{"stringValue":"58abc53b-6628-4cf6-bd0e-c925370efa98"},"name":{"stringValue":"Smoke DualControl 20260424082941"},"createdBy":{"stringValue":"ar0xNiC3aIbzfCBI5SFny4ZAt002"},"clientName":{"stringValue":"Smoke Client"},"location":{"stringValue":"Quezon City"},"city":{"stringValue":"Manila"},"buildingType":{"stringValue":"commercial"},"status":{"stringValue":"draft"},"outputClassification":{"stringValue":"preliminary"},"totalFloorArea":{"integerValue":"120"},"floorsAboveGrade":{"integerValue":"1"},"floorsBelowGrade":{"integerValue":"0"},"outdoorDB":{"integerValue":"35"},"outdoorWB":{"doubleValue":27.175206999426916},"outdoorRH":{"integerValue":"55"},"indoorDB":{"integerValue":"24"},"indoorRH":{"integerValue":"50"},"designConditions":{"stringValue":"{}"},"safetyFactor":{"doubleValue":1.1},"diversityFactor":{"doubleValue":0.85},"notes":{"stringValue":""},"suggestedLaborMultiplier":{"doubleValue":0.35},"laborMultiplierOverride":{"nullValue":null},"suggestedOverheadPercent":{"doubleValue":0.15},"overheadPercentOverride":{"nullValue":null},"suggestedContingencyPercent":{"doubleValue":0.05},"contingencyPercentOverride":{"nullValue":null},"suggestedVatRate":{"doubleValue":0.12},"vatRateOverride":{"nullValue":null},"isEquipmentStale":{"booleanValue":false},"isBoqStale":{"booleanValue":false},"lastCoolingLoadAt":{"nullValue":null},"lastEquipmentSyncAt":{"nullValue":null},"lastBoqGeneratedAt":{"nullValue":null},"createdAt":{"stringValue":"2026-04-24T00:29:45.057Z"},"updatedAt":{"stringValue":"2026-04-24T00:29:45.057Z"},"ownerId":{"stringValue":"ar0xNiC3aIbzfCBI5SFny4ZAt002"}},"name":"projects/demo-hvac-auto/databases/(default)/documents/projects/58abc53b-6628-4cf6-bd0e-c925370efa98"}}]}',
      method: 'POST',
      signal: [AbortSignal],
      responseType: 'stream',
      agent: [Function: agentOption],
      url: URL {},
      validateStatus: [Function: validateStatus],
      errorRedactor: [Function: defaultErrorRedactor],
      duplex: 'half'
    },
    Symbol(Body internals): {
      body: [PassThrough],
      stream: [PassThrough],
      boundary: null,
      disturbed: false,
      error: null
    },
    Symbol(Response internals): {
      type: 'default',
      url: 'http://127.0.0.1:9080/v1/projects/demo-hvac-auto/databases/(default)/documents:commit?$alt=json%3Benum-encoding=int',
      status: 403,
      statusText: 'Forbidden',
      headers: [Object],
      counter: 0,
      highWaterMark: 16384
    }
  },
  code: 403,
  status: 403,
  error: undefined,
  note: 'Exception occurred in retry method that was not classified as transient',
  [cause]: {
    message: `{"error":{"code":403,"message":"\\nfalse for 'create' @ L40, evaluation error at L41:32 for 'update' @ L41, false for 'create' @ L40","status":"PERMISSION_DENIED"}}`,
    code: 403,
    status: 'Forbidden'
  }
}
POST /api/projects error: Error: {"error":{"code":403,"message":"\nfalse for 'create' @ L40, evaluation error at L41:32 for 'update' @ L41, false for 'create' @ L40","status":"PERMISSION_DENIED"}}
    at ignore-listed frames {
  config: {
    headers: Headers {
      authorization: '<<REDACTED> - See `errorRedactor` option in `gaxios` for configuration>.',
      'content-type': 'application/json',
      'google-cloud-resource-prefix': 'projects/demo-hvac-auto/databases/(default)',
      'x-goog-api-client': 'gax/5.0.6-fallback gapic/8.5.0 gl-node/24.14.0 rest/5.0.6 gccl/8.5.0 fire/13.8.0 fire-admin/13.8.0 grpc-web/5.0.6-fallback',
      'x-goog-request-params': 'database=projects%2Fdemo-hvac-auto%2Fdatabases%2F(default)',
      'User-Agent': 'google-api-nodejs-client/10.6.2'
    },
    body: '{"writes":[{"update":{"fields":{"id":{"stringValue":"1f073650-98bb-4ca2-b474-3ce0a73dde46"},"name":{"stringValue":"Smoke DualControl 20260424082941"},"createdBy":{"stringValue":"ar0xNiC3aIbzfCBI5SFny4ZAt002"},"clientName":{"stringValue":"Smoke Client"},"location":{"stringValue":"Quezon City"},"city":{"stringValue":"Manila"},"buildingType":{"stringValue":"commercial"},"status":{"stringValue":"draft"},"outputClassification":{"stringValue":"preliminary"},"totalFloorArea":{"integerValue":"120"},"floorsAboveGrade":{"integerValue":"1"},"floorsBelowGrade":{"integerValue":"0"},"outdoorDB":{"integerValue":"35"},"outdoorWB":{"doubleValue":27.175206999426916},"outdoorRH":{"integerValue":"55"},"indoorDB":{"integerValue":"24"},"indoorRH":{"integerValue":"50"},"designConditions":{"stringValue":"{}"},"safetyFactor":{"doubleValue":1.1},"diversityFactor":{"doubleValue":0.85},"notes":{"stringValue":""},"suggestedLaborMultiplier":{"doubleValue":0.35},"laborMultiplierOverride":{"nullValue":null},"suggestedOverheadPercent":{"doubleValue":0.15},"overheadPercentOverride":{"nullValue":null},"suggestedContingencyPercent":{"doubleValue":0.05},"contingencyPercentOverride":{"nullValue":null},"suggestedVatRate":{"doubleValue":0.12},"vatRateOverride":{"nullValue":null},"isEquipmentStale":{"booleanValue":false},"isBoqStale":{"booleanValue":false},"lastCoolingLoadAt":{"nullValue":null},"lastEquipmentSyncAt":{"nullValue":null},"lastBoqGeneratedAt":{"nullValue":null},"createdAt":{"stringValue":"2026-04-24T00:29:47.623Z"},"updatedAt":{"stringValue":"2026-04-24T00:29:47.623Z"},"ownerId":{"stringValue":"ar0xNiC3aIbzfCBI5SFny4ZAt002"}},"name":"projects/demo-hvac-auto/databases/(default)/documents/projects/1f073650-98bb-4ca2-b474-3ce0a73dde46"}}]}',
    method: 'POST',
    signal: AbortSignal { aborted: false },
    responseType: 'stream',
    agent: [Function: agentOption],
    url: URL {
      href: 'http://127.0.0.1:9080/v1/projects/demo-hvac-auto/databases/(default)/documents:commit?$alt=json%3Benum-encoding=int',
      origin: 'http://127.0.0.1:9080',
      protocol: 'http:',
      username: '',
      password: '',
      host: '127.0.0.1:9080',
      hostname: '127.0.0.1',
      port: '9080',
      pathname: '/v1/projects/demo-hvac-auto/databases/(default)/documents:commit',
      search: '?$alt=json%3Benum-encoding=int',
      searchParams: URLSearchParams { '$alt' => 'json;enum-encoding=int' },
      hash: ''
    },
    validateStatus: [Function: validateStatus],
    errorRedactor: [Function: defaultErrorRedactor],
    duplex: 'half'
  },
  response: Response {
    size: 0,
    data: undefined,
    config: {
      headers: Headers {
        authorization: '<<REDACTED> - See `errorRedactor` option in `gaxios` for configuration>.',
        'content-type': 'application/json',
        'google-cloud-resource-prefix': 'projects/demo-hvac-auto/databases/(default)',
        'x-goog-api-client': 'gax/5.0.6-fallback gapic/8.5.0 gl-node/24.14.0 rest/5.0.6 gccl/8.5.0 fire/13.8.0 fire-admin/13.8.0 grpc-web/5.0.6-fallback',
        'x-goog-request-params': 'database=projects%2Fdemo-hvac-auto%2Fdatabases%2F(default)',
        'User-Agent': 'google-api-nodejs-client/10.6.2'
      },
      body: '{"writes":[{"update":{"fields":{"id":{"stringValue":"1f073650-98bb-4ca2-b474-3ce0a73dde46"},"name":{"stringValue":"Smoke DualControl 20260424082941"},"createdBy":{"stringValue":"ar0xNiC3aIbzfCBI5SFny4ZAt002"},"clientName":{"stringValue":"Smoke Client"},"location":{"stringValue":"Quezon City"},"city":{"stringValue":"Manila"},"buildingType":{"stringValue":"commercial"},"status":{"stringValue":"draft"},"outputClassification":{"stringValue":"preliminary"},"totalFloorArea":{"integerValue":"120"},"floorsAboveGrade":{"integerValue":"1"},"floorsBelowGrade":{"integerValue":"0"},"outdoorDB":{"integerValue":"35"},"outdoorWB":{"doubleValue":27.175206999426916},"outdoorRH":{"integerValue":"55"},"indoorDB":{"integerValue":"24"},"indoorRH":{"integerValue":"50"},"designConditions":{"stringValue":"{}"},"safetyFactor":{"doubleValue":1.1},"diversityFactor":{"doubleValue":0.85},"notes":{"stringValue":""},"suggestedLaborMultiplier":{"doubleValue":0.35},"laborMultiplierOverride":{"nullValue":null},"suggestedOverheadPercent":{"doubleValue":0.15},"overheadPercentOverride":{"nullValue":null},"suggestedContingencyPercent":{"doubleValue":0.05},"contingencyPercentOverride":{"nullValue":null},"suggestedVatRate":{"doubleValue":0.12},"vatRateOverride":{"nullValue":null},"isEquipmentStale":{"booleanValue":false},"isBoqStale":{"booleanValue":false},"lastCoolingLoadAt":{"nullValue":null},"lastEquipmentSyncAt":{"nullValue":null},"lastBoqGeneratedAt":{"nullValue":null},"createdAt":{"stringValue":"2026-04-24T00:29:47.623Z"},"updatedAt":{"stringValue":"2026-04-24T00:29:47.623Z"},"ownerId":{"stringValue":"ar0xNiC3aIbzfCBI5SFny4ZAt002"}},"name":"projects/demo-hvac-auto/databases/(default)/documents/projects/1f073650-98bb-4ca2-b474-3ce0a73dde46"}}]}',
      method: 'POST',
      signal: [AbortSignal],
      responseType: 'stream',
      agent: [Function: agentOption],
      url: URL {},
      validateStatus: [Function: validateStatus],
      errorRedactor: [Function: defaultErrorRedactor],
      duplex: 'half'
    },
    Symbol(Body internals): {
      body: [PassThrough],
      stream: [PassThrough],
      boundary: null,
      disturbed: false,
      error: null
    },
    Symbol(Response internals): {
      type: 'default',
      url: 'http://127.0.0.1:9080/v1/projects/demo-hvac-auto/databases/(default)/documents:commit?$alt=json%3Benum-encoding=int',
      status: 403,
      statusText: 'Forbidden',
      headers: [Object],
      counter: 0,
      highWaterMark: 16384
    }
  },
  code: 403,
  status: 403,
  error: undefined,
  note: 'Exception occurred in retry method that was not classified as transient',
  [cause]: {
    message: `{"error":{"code":403,"message":"\\nfalse for 'create' @ L40, evaluation error at L41:32 for 'update' @ L41, false for 'create' @ L40","status":"PERMISSION_DENIED"}}`,
    code: 403,
    status: 'Forbidden'
  }
}
POST /api/projects error: Error: {"error":{"code":403,"message":"\nfalse for 'create' @ L40, evaluation error at L41:32 for 'update' @ L41, false for 'create' @ L40","status":"PERMISSION_DENIED"}}
    at ignore-listed frames {
  config: {
    headers: Headers {
      authorization: '<<REDACTED> - See `errorRedactor` option in `gaxios` for configuration>.',
      'content-type': 'application/json',
      'google-cloud-resource-prefix': 'projects/demo-hvac-auto/databases/(default)',
      'x-goog-api-client': 'gax/5.0.6-fallback gapic/8.5.0 gl-node/24.14.0 rest/5.0.6 gccl/8.5.0 fire/13.8.0 fire-admin/13.8.0 grpc-web/5.0.6-fallback',
      'x-goog-request-params': 'database=projects%2Fdemo-hvac-auto%2Fdatabases%2F(default)',
      'User-Agent': 'google-api-nodejs-client/10.6.2'
    },
    body: '{"writes":[{"update":{"fields":{"id":{"stringValue":"2ed943c7-f1b1-44aa-bf6c-1adb023e8741"},"name":{"stringValue":"Smoke DualControl 20260424082941"},"createdBy":{"stringValue":"ar0xNiC3aIbzfCBI5SFny4ZAt002"},"clientName":{"stringValue":"Smoke Client"},"location":{"stringValue":"Quezon City"},"city":{"stringValue":"Manila"},"buildingType":{"stringValue":"commercial"},"status":{"stringValue":"draft"},"outputClassification":{"stringValue":"preliminary"},"totalFloorArea":{"integerValue":"120"},"floorsAboveGrade":{"integerValue":"1"},"floorsBelowGrade":{"integerValue":"0"},"outdoorDB":{"integerValue":"35"},"outdoorWB":{"doubleValue":27.175206999426916},"outdoorRH":{"integerValue":"55"},"indoorDB":{"integerValue":"24"},"indoorRH":{"integerValue":"50"},"designConditions":{"stringValue":"{}"},"safetyFactor":{"doubleValue":1.1},"diversityFactor":{"doubleValue":0.85},"notes":{"stringValue":""},"suggestedLaborMultiplier":{"doubleValue":0.35},"laborMultiplierOverride":{"nullValue":null},"suggestedOverheadPercent":{"doubleValue":0.15},"overheadPercentOverride":{"nullValue":null},"suggestedContingencyPercent":{"doubleValue":0.05},"contingencyPercentOverride":{"nullValue":null},"suggestedVatRate":{"doubleValue":0.12},"vatRateOverride":{"nullValue":null},"isEquipmentStale":{"booleanValue":false},"isBoqStale":{"booleanValue":false},"lastCoolingLoadAt":{"nullValue":null},"lastEquipmentSyncAt":{"nullValue":null},"lastBoqGeneratedAt":{"nullValue":null},"createdAt":{"stringValue":"2026-04-24T00:29:50.937Z"},"updatedAt":{"stringValue":"2026-04-24T00:29:50.937Z"},"ownerId":{"stringValue":"ar0xNiC3aIbzfCBI5SFny4ZAt002"}},"name":"projects/demo-hvac-auto/databases/(default)/documents/projects/2ed943c7-f1b1-44aa-bf6c-1adb023e8741"}}]}',
    method: 'POST',
    signal: AbortSignal { aborted: false },
    responseType: 'stream',
    agent: [Function: agentOption],
    url: URL {
      href: 'http://127.0.0.1:9080/v1/projects/demo-hvac-auto/databases/(default)/documents:commit?$alt=json%3Benum-encoding=int',
      origin: 'http://127.0.0.1:9080',
      protocol: 'http:',
      username: '',
      password: '',
      host: '127.0.0.1:9080',
      hostname: '127.0.0.1',
      port: '9080',
      pathname: '/v1/projects/demo-hvac-auto/databases/(default)/documents:commit',
      search: '?$alt=json%3Benum-encoding=int',
      searchParams: URLSearchParams { '$alt' => 'json;enum-encoding=int' },
      hash: ''
    },
    validateStatus: [Function: validateStatus],
    errorRedactor: [Function: defaultErrorRedactor],
    duplex: 'half'
  },
  response: Response {
    size: 0,
    data: undefined,
    config: {
      headers: Headers {
        authorization: '<<REDACTED> - See `errorRedactor` option in `gaxios` for configuration>.',
        'content-type': 'application/json',
        'google-cloud-resource-prefix': 'projects/demo-hvac-auto/databases/(default)',
        'x-goog-api-client': 'gax/5.0.6-fallback gapic/8.5.0 gl-node/24.14.0 rest/5.0.6 gccl/8.5.0 fire/13.8.0 fire-admin/13.8.0 grpc-web/5.0.6-fallback',
        'x-goog-request-params': 'database=projects%2Fdemo-hvac-auto%2Fdatabases%2F(default)',
        'User-Agent': 'google-api-nodejs-client/10.6.2'
      },
      body: '{"writes":[{"update":{"fields":{"id":{"stringValue":"2ed943c7-f1b1-44aa-bf6c-1adb023e8741"},"name":{"stringValue":"Smoke DualControl 20260424082941"},"createdBy":{"stringValue":"ar0xNiC3aIbzfCBI5SFny4ZAt002"},"clientName":{"stringValue":"Smoke Client"},"location":{"stringValue":"Quezon City"},"city":{"stringValue":"Manila"},"buildingType":{"stringValue":"commercial"},"status":{"stringValue":"draft"},"outputClassification":{"stringValue":"preliminary"},"totalFloorArea":{"integerValue":"120"},"floorsAboveGrade":{"integerValue":"1"},"floorsBelowGrade":{"integerValue":"0"},"outdoorDB":{"integerValue":"35"},"outdoorWB":{"doubleValue":27.175206999426916},"outdoorRH":{"integerValue":"55"},"indoorDB":{"integerValue":"24"},"indoorRH":{"integerValue":"50"},"designConditions":{"stringValue":"{}"},"safetyFactor":{"doubleValue":1.1},"diversityFactor":{"doubleValue":0.85},"notes":{"stringValue":""},"suggestedLaborMultiplier":{"doubleValue":0.35},"laborMultiplierOverride":{"nullValue":null},"suggestedOverheadPercent":{"doubleValue":0.15},"overheadPercentOverride":{"nullValue":null},"suggestedContingencyPercent":{"doubleValue":0.05},"contingencyPercentOverride":{"nullValue":null},"suggestedVatRate":{"doubleValue":0.12},"vatRateOverride":{"nullValue":null},"isEquipmentStale":{"booleanValue":false},"isBoqStale":{"booleanValue":false},"lastCoolingLoadAt":{"nullValue":null},"lastEquipmentSyncAt":{"nullValue":null},"lastBoqGeneratedAt":{"nullValue":null},"createdAt":{"stringValue":"2026-04-24T00:29:50.937Z"},"updatedAt":{"stringValue":"2026-04-24T00:29:50.937Z"},"ownerId":{"stringValue":"ar0xNiC3aIbzfCBI5SFny4ZAt002"}},"name":"projects/demo-hvac-auto/databases/(default)/documents/projects/2ed943c7-f1b1-44aa-bf6c-1adb023e8741"}}]}',
      method: 'POST',
      signal: [AbortSignal],
      responseType: 'stream',
      agent: [Function: agentOption],
      url: URL {},
      validateStatus: [Function: validateStatus],
      errorRedactor: [Function: defaultErrorRedactor],
      duplex: 'half'
    },
    Symbol(Body internals): {
      body: [PassThrough],
      stream: [PassThrough],
      boundary: null,
      disturbed: false,
      error: null
    },
    Symbol(Response internals): {
      type: 'default',
      url: 'http://127.0.0.1:9080/v1/projects/demo-hvac-auto/databases/(default)/documents:commit?$alt=json%3Benum-encoding=int',
      status: 403,
      statusText: 'Forbidden',
      headers: [Object],
      counter: 0,
      highWaterMark: 16384
    }
  },
  code: 403,
  status: 403,
  error: undefined,
  note: 'Exception occurred in retry method that was not classified as transient',
  [cause]: {
    message: `{"error":{"code":403,"message":"\\nfalse for 'create' @ L40, evaluation error at L41:32 for 'update' @ L41, false for 'create' @ L40","status":"PERMISSION_DENIED"}}`,
    code: 403,
    status: 'Forbidden'
  }
}
