POST /api/projects error: Error: {"error":{"code":403,"message":"\nProperty email is undefined on object. for 'create' @ L40, evaluation error at L41:32 for 'update' @ L41, Property email is undefined on object. for 'create' @ L40","status":"PERMISSION_DENIED"}}
    at ignore-listed frames {
  config: {
    headers: Headers {
      authorization: '<<REDACTED> - See `errorRedactor` option in `gaxios` for configuration>.',
      'content-type': 'application/json',
      'google-cloud-resource-prefix': 'projects/demo-hvac-auto/databases/(default)',
      'x-goog-api-client': 'gax/5.0.6-fallback gapic/8.5.0 gl-node/24.14.0 rest/5.0.6 gccl/8.5.0 fire/13.8.0 fire-admin/13.8.0 grpc-web/5.0.6-fallback',
      'x-goog-request-params': 'database=projects%2Fdemo-hvac-auto%2Fdatabases%2F(default)',
      'User-Agent': 'google-api-nodejs-client/10.6.2'
    },
    body: '{"writes":[{"update":{"fields":{"id":{"stringValue":"7db57648-4dca-4d75-af58-70d3df767adc"},"name":{"stringValue":"Smoke DualControl 20260424082823"},"createdBy":{"stringValue":"17UOscJxgcM4xLjZsiqTdyCAbh42"},"clientName":{"stringValue":"Smoke Client"},"location":{"stringValue":"Quezon City"},"city":{"stringValue":"Manila"},"buildingType":{"stringValue":"commercial"},"status":{"stringValue":"draft"},"outputClassification":{"stringValue":"preliminary"},"totalFloorArea":{"integerValue":"120"},"floorsAboveGrade":{"integerValue":"1"},"floorsBelowGrade":{"integerValue":"0"},"outdoorDB":{"integerValue":"35"},"outdoorWB":{"doubleValue":27.175206999426916},"outdoorRH":{"integerValue":"55"},"indoorDB":{"integerValue":"24"},"indoorRH":{"integerValue":"50"},"designConditions":{"stringValue":"{}"},"safetyFactor":{"doubleValue":1.1},"diversityFactor":{"doubleValue":0.85},"notes":{"stringValue":""},"suggestedLaborMultiplier":{"doubleValue":0.35},"laborMultiplierOverride":{"nullValue":null},"suggestedOverheadPercent":{"doubleValue":0.15},"overheadPercentOverride":{"nullValue":null},"suggestedContingencyPercent":{"doubleValue":0.05},"contingencyPercentOverride":{"nullValue":null},"suggestedVatRate":{"doubleValue":0.12},"vatRateOverride":{"nullValue":null},"isEquipmentStale":{"booleanValue":false},"isBoqStale":{"booleanValue":false},"lastCoolingLoadAt":{"nullValue":null},"lastEquipmentSyncAt":{"nullValue":null},"lastBoqGeneratedAt":{"nullValue":null},"createdAt":{"stringValue":"2026-04-24T00:28:23.465Z"},"updatedAt":{"stringValue":"2026-04-24T00:28:23.465Z"},"ownerId":{"stringValue":"17UOscJxgcM4xLjZsiqTdyCAbh42"}},"name":"projects/demo-hvac-auto/databases/(default)/documents/projects/7db57648-4dca-4d75-af58-70d3df767adc"}}]}',
    method: 'POST',
    signal: AbortSignal { aborted: false },
    responseType: 'stream',
    agent: [Function: agentOption],
    url: URL {
      href: 'http://127.0.0.1:9080/v1/projects/demo-hvac-auto/databases/(default)/documents:commit?$alt=json%3Benum-encoding=int',
      origin: 'http://127.0.0.1:9080',
      protocol: 'http:',
      username: '',
      password: '',
      host: '127.0.0.1:9080',
      hostname: '127.0.0.1',
      port: '9080',
      pathname: '/v1/projects/demo-hvac-auto/databases/(default)/documents:commit',
      search: '?$alt=json%3Benum-encoding=int',
      searchParams: URLSearchParams { '$alt' => 'json;enum-encoding=int' },
      hash: ''
    },
    validateStatus: [Function: validateStatus],
    errorRedactor: [Function: defaultErrorRedactor],
    duplex: 'half'
  },
  response: Response {
    size: 0,
    data: undefined,
    config: {
      headers: Headers {
        authorization: '<<REDACTED> - See `errorRedactor` option in `gaxios` for configuration>.',
        'content-type': 'application/json',
        'google-cloud-resource-prefix': 'projects/demo-hvac-auto/databases/(default)',
        'x-goog-api-client': 'gax/5.0.6-fallback gapic/8.5.0 gl-node/24.14.0 rest/5.0.6 gccl/8.5.0 fire/13.8.0 fire-admin/13.8.0 grpc-web/5.0.6-fallback',
        'x-goog-request-params': 'database=projects%2Fdemo-hvac-auto%2Fdatabases%2F(default)',
        'User-Agent': 'google-api-nodejs-client/10.6.2'
      },
      body: '{"writes":[{"update":{"fields":{"id":{"stringValue":"7db57648-4dca-4d75-af58-70d3df767adc"},"name":{"stringValue":"Smoke DualControl 20260424082823"},"createdBy":{"stringValue":"17UOscJxgcM4xLjZsiqTdyCAbh42"},"clientName":{"stringValue":"Smoke Client"},"location":{"stringValue":"Quezon City"},"city":{"stringValue":"Manila"},"buildingType":{"stringValue":"commercial"},"status":{"stringValue":"draft"},"outputClassification":{"stringValue":"preliminary"},"totalFloorArea":{"integerValue":"120"},"floorsAboveGrade":{"integerValue":"1"},"floorsBelowGrade":{"integerValue":"0"},"outdoorDB":{"integerValue":"35"},"outdoorWB":{"doubleValue":27.175206999426916},"outdoorRH":{"integerValue":"55"},"indoorDB":{"integerValue":"24"},"indoorRH":{"integerValue":"50"},"designConditions":{"stringValue":"{}"},"safetyFactor":{"doubleValue":1.1},"diversityFactor":{"doubleValue":0.85},"notes":{"stringValue":""},"suggestedLaborMultiplier":{"doubleValue":0.35},"laborMultiplierOverride":{"nullValue":null},"suggestedOverheadPercent":{"doubleValue":0.15},"overheadPercentOverride":{"nullValue":null},"suggestedContingencyPercent":{"doubleValue":0.05},"contingencyPercentOverride":{"nullValue":null},"suggestedVatRate":{"doubleValue":0.12},"vatRateOverride":{"nullValue":null},"isEquipmentStale":{"booleanValue":false},"isBoqStale":{"booleanValue":false},"lastCoolingLoadAt":{"nullValue":null},"lastEquipmentSyncAt":{"nullValue":null},"lastBoqGeneratedAt":{"nullValue":null},"createdAt":{"stringValue":"2026-04-24T00:28:23.465Z"},"updatedAt":{"stringValue":"2026-04-24T00:28:23.465Z"},"ownerId":{"stringValue":"17UOscJxgcM4xLjZsiqTdyCAbh42"}},"name":"projects/demo-hvac-auto/databases/(default)/documents/projects/7db57648-4dca-4d75-af58-70d3df767adc"}}]}',
      method: 'POST',
      signal: [AbortSignal],
      responseType: 'stream',
      agent: [Function: agentOption],
      url: URL {},
      validateStatus: [Function: validateStatus],
      errorRedactor: [Function: defaultErrorRedactor],
      duplex: 'half'
    },
    Symbol(Body internals): {
      body: [PassThrough],
      stream: [PassThrough],
      boundary: null,
      disturbed: false,
      error: null
    },
    Symbol(Response internals): {
      type: 'default',
      url: 'http://127.0.0.1:9080/v1/projects/demo-hvac-auto/databases/(default)/documents:commit?$alt=json%3Benum-encoding=int',
      status: 403,
      statusText: 'Forbidden',
      headers: [Object],
      counter: 0,
      highWaterMark: 16384
    }
  },
  code: 403,
  status: 403,
  error: undefined,
  note: 'Exception occurred in retry method that was not classified as transient',
  [cause]: {
    message: `{"error":{"code":403,"message":"\\nProperty email is undefined on object. for 'create' @ L40, evaluation error at L41:32 for 'update' @ L41, Property email is undefined on object. for 'create' @ L40","status":"PERMISSION_DENIED"}}`,
    code: 403,
    status: 'Forbidden'
  }
}
POST /api/projects error: Error: {"error":{"code":403,"message":"\nProperty email is undefined on object. for 'create' @ L40, evaluation error at L41:32 for 'update' @ L41, Property email is undefined on object. for 'create' @ L40","status":"PERMISSION_DENIED"}}
    at ignore-listed frames {
  config: {
    headers: Headers {
      authorization: '<<REDACTED> - See `errorRedactor` option in `gaxios` for configuration>.',
      'content-type': 'application/json',
      'google-cloud-resource-prefix': 'projects/demo-hvac-auto/databases/(default)',
      'x-goog-api-client': 'gax/5.0.6-fallback gapic/8.5.0 gl-node/24.14.0 rest/5.0.6 gccl/8.5.0 fire/13.8.0 fire-admin/13.8.0 grpc-web/5.0.6-fallback',
      'x-goog-request-params': 'database=projects%2Fdemo-hvac-auto%2Fdatabases%2F(default)',
      'User-Agent': 'google-api-nodejs-client/10.6.2'
    },
    body: '{"writes":[{"update":{"fields":{"id":{"stringValue":"e0cbdea8-37d0-4e32-b0d8-5636e6eb1e66"},"name":{"stringValue":"Smoke DualControl 20260424082823"},"createdBy":{"stringValue":"17UOscJxgcM4xLjZsiqTdyCAbh42"},"clientName":{"stringValue":"Smoke Client"},"location":{"stringValue":"Quezon City"},"city":{"stringValue":"Manila"},"buildingType":{"stringValue":"commercial"},"status":{"stringValue":"draft"},"outputClassification":{"stringValue":"preliminary"},"totalFloorArea":{"integerValue":"120"},"floorsAboveGrade":{"integerValue":"1"},"floorsBelowGrade":{"integerValue":"0"},"outdoorDB":{"integerValue":"35"},"outdoorWB":{"doubleValue":27.175206999426916},"outdoorRH":{"integerValue":"55"},"indoorDB":{"integerValue":"24"},"indoorRH":{"integerValue":"50"},"designConditions":{"stringValue":"{}"},"safetyFactor":{"doubleValue":1.1},"diversityFactor":{"doubleValue":0.85},"notes":{"stringValue":""},"suggestedLaborMultiplier":{"doubleValue":0.35},"laborMultiplierOverride":{"nullValue":null},"suggestedOverheadPercent":{"doubleValue":0.15},"overheadPercentOverride":{"nullValue":null},"suggestedContingencyPercent":{"doubleValue":0.05},"contingencyPercentOverride":{"nullValue":null},"suggestedVatRate":{"doubleValue":0.12},"vatRateOverride":{"nullValue":null},"isEquipmentStale":{"booleanValue":false},"isBoqStale":{"booleanValue":false},"lastCoolingLoadAt":{"nullValue":null},"lastEquipmentSyncAt":{"nullValue":null},"lastBoqGeneratedAt":{"nullValue":null},"createdAt":{"stringValue":"2026-04-24T00:28:27.378Z"},"updatedAt":{"stringValue":"2026-04-24T00:28:27.378Z"},"ownerId":{"stringValue":"17UOscJxgcM4xLjZsiqTdyCAbh42"}},"name":"projects/demo-hvac-auto/databases/(default)/documents/projects/e0cbdea8-37d0-4e32-b0d8-5636e6eb1e66"}}]}',
    method: 'POST',
    signal: AbortSignal { aborted: false },
    responseType: 'stream',
    agent: [Function: agentOption],
    url: URL {
      href: 'http://127.0.0.1:9080/v1/projects/demo-hvac-auto/databases/(default)/documents:commit?$alt=json%3Benum-encoding=int',
      origin: 'http://127.0.0.1:9080',
      protocol: 'http:',
      username: '',
      password: '',
      host: '127.0.0.1:9080',
      hostname: '127.0.0.1',
      port: '9080',
      pathname: '/v1/projects/demo-hvac-auto/databases/(default)/documents:commit',
      search: '?$alt=json%3Benum-encoding=int',
      searchParams: URLSearchParams { '$alt' => 'json;enum-encoding=int' },
      hash: ''
    },
    validateStatus: [Function: validateStatus],
    errorRedactor: [Function: defaultErrorRedactor],
    duplex: 'half'
  },
  response: Response {
    size: 0,
    data: undefined,
    config: {
      headers: Headers {
        authorization: '<<REDACTED> - See `errorRedactor` option in `gaxios` for configuration>.',
        'content-type': 'application/json',
        'google-cloud-resource-prefix': 'projects/demo-hvac-auto/databases/(default)',
        'x-goog-api-client': 'gax/5.0.6-fallback gapic/8.5.0 gl-node/24.14.0 rest/5.0.6 gccl/8.5.0 fire/13.8.0 fire-admin/13.8.0 grpc-web/5.0.6-fallback',
        'x-goog-request-params': 'database=projects%2Fdemo-hvac-auto%2Fdatabases%2F(default)',
        'User-Agent': 'google-api-nodejs-client/10.6.2'
      },
      body: '{"writes":[{"update":{"fields":{"id":{"stringValue":"e0cbdea8-37d0-4e32-b0d8-5636e6eb1e66"},"name":{"stringValue":"Smoke DualControl 20260424082823"},"createdBy":{"stringValue":"17UOscJxgcM4xLjZsiqTdyCAbh42"},"clientName":{"stringValue":"Smoke Client"},"location":{"stringValue":"Quezon City"},"city":{"stringValue":"Manila"},"buildingType":{"stringValue":"commercial"},"status":{"stringValue":"draft"},"outputClassification":{"stringValue":"preliminary"},"totalFloorArea":{"integerValue":"120"},"floorsAboveGrade":{"integerValue":"1"},"floorsBelowGrade":{"integerValue":"0"},"outdoorDB":{"integerValue":"35"},"outdoorWB":{"doubleValue":27.175206999426916},"outdoorRH":{"integerValue":"55"},"indoorDB":{"integerValue":"24"},"indoorRH":{"integerValue":"50"},"designConditions":{"stringValue":"{}"},"safetyFactor":{"doubleValue":1.1},"diversityFactor":{"doubleValue":0.85},"notes":{"stringValue":""},"suggestedLaborMultiplier":{"doubleValue":0.35},"laborMultiplierOverride":{"nullValue":null},"suggestedOverheadPercent":{"doubleValue":0.15},"overheadPercentOverride":{"nullValue":null},"suggestedContingencyPercent":{"doubleValue":0.05},"contingencyPercentOverride":{"nullValue":null},"suggestedVatRate":{"doubleValue":0.12},"vatRateOverride":{"nullValue":null},"isEquipmentStale":{"booleanValue":false},"isBoqStale":{"booleanValue":false},"lastCoolingLoadAt":{"nullValue":null},"lastEquipmentSyncAt":{"nullValue":null},"lastBoqGeneratedAt":{"nullValue":null},"createdAt":{"stringValue":"2026-04-24T00:28:27.378Z"},"updatedAt":{"stringValue":"2026-04-24T00:28:27.378Z"},"ownerId":{"stringValue":"17UOscJxgcM4xLjZsiqTdyCAbh42"}},"name":"projects/demo-hvac-auto/databases/(default)/documents/projects/e0cbdea8-37d0-4e32-b0d8-5636e6eb1e66"}}]}',
      method: 'POST',
      signal: [AbortSignal],
      responseType: 'stream',
      agent: [Function: agentOption],
      url: URL {},
      validateStatus: [Function: validateStatus],
      errorRedactor: [Function: defaultErrorRedactor],
      duplex: 'half'
    },
    Symbol(Body internals): {
      body: [PassThrough],
      stream: [PassThrough],
      boundary: null,
      disturbed: false,
      error: null
    },
    Symbol(Response internals): {
      type: 'default',
      url: 'http://127.0.0.1:9080/v1/projects/demo-hvac-auto/databases/(default)/documents:commit?$alt=json%3Benum-encoding=int',
      status: 403,
      statusText: 'Forbidden',
      headers: [Object],
      counter: 0,
      highWaterMark: 16384
    }
  },
  code: 403,
  status: 403,
  error: undefined,
  note: 'Exception occurred in retry method that was not classified as transient',
  [cause]: {
    message: `{"error":{"code":403,"message":"\\nProperty email is undefined on object. for 'create' @ L40, evaluation error at L41:32 for 'update' @ L41, Property email is undefined on object. for 'create' @ L40","status":"PERMISSION_DENIED"}}`,
    code: 403,
    status: 'Forbidden'
  }
}
POST /api/projects error: Error: {"error":{"code":403,"message":"\nProperty email is undefined on object. for 'create' @ L40, evaluation error at L41:32 for 'update' @ L41, Property email is undefined on object. for 'create' @ L40","status":"PERMISSION_DENIED"}}
    at ignore-listed frames {
  config: {
    headers: Headers {
      authorization: '<<REDACTED> - See `errorRedactor` option in `gaxios` for configuration>.',
      'content-type': 'application/json',
      'google-cloud-resource-prefix': 'projects/demo-hvac-auto/databases/(default)',
      'x-goog-api-client': 'gax/5.0.6-fallback gapic/8.5.0 gl-node/24.14.0 rest/5.0.6 gccl/8.5.0 fire/13.8.0 fire-admin/13.8.0 grpc-web/5.0.6-fallback',
      'x-goog-request-params': 'database=projects%2Fdemo-hvac-auto%2Fdatabases%2F(default)',
      'User-Agent': 'google-api-nodejs-client/10.6.2'
    },
    body: '{"writes":[{"update":{"fields":{"id":{"stringValue":"55bdbbb9-03f0-4f95-a045-9da357ca5f62"},"name":{"stringValue":"Smoke DualControl 20260424082823"},"createdBy":{"stringValue":"17UOscJxgcM4xLjZsiqTdyCAbh42"},"clientName":{"stringValue":"Smoke Client"},"location":{"stringValue":"Quezon City"},"city":{"stringValue":"Manila"},"buildingType":{"stringValue":"commercial"},"status":{"stringValue":"draft"},"outputClassification":{"stringValue":"preliminary"},"totalFloorArea":{"integerValue":"120"},"floorsAboveGrade":{"integerValue":"1"},"floorsBelowGrade":{"integerValue":"0"},"outdoorDB":{"integerValue":"35"},"outdoorWB":{"doubleValue":27.175206999426916},"outdoorRH":{"integerValue":"55"},"indoorDB":{"integerValue":"24"},"indoorRH":{"integerValue":"50"},"designConditions":{"stringValue":"{}"},"safetyFactor":{"doubleValue":1.1},"diversityFactor":{"doubleValue":0.85},"notes":{"stringValue":""},"suggestedLaborMultiplier":{"doubleValue":0.35},"laborMultiplierOverride":{"nullValue":null},"suggestedOverheadPercent":{"doubleValue":0.15},"overheadPercentOverride":{"nullValue":null},"suggestedContingencyPercent":{"doubleValue":0.05},"contingencyPercentOverride":{"nullValue":null},"suggestedVatRate":{"doubleValue":0.12},"vatRateOverride":{"nullValue":null},"isEquipmentStale":{"booleanValue":false},"isBoqStale":{"booleanValue":false},"lastCoolingLoadAt":{"nullValue":null},"lastEquipmentSyncAt":{"nullValue":null},"lastBoqGeneratedAt":{"nullValue":null},"createdAt":{"stringValue":"2026-04-24T00:28:29.239Z"},"updatedAt":{"stringValue":"2026-04-24T00:28:29.239Z"},"ownerId":{"stringValue":"17UOscJxgcM4xLjZsiqTdyCAbh42"}},"name":"projects/demo-hvac-auto/databases/(default)/documents/projects/55bdbbb9-03f0-4f95-a045-9da357ca5f62"}}]}',
    method: 'POST',
    signal: AbortSignal { aborted: false },
    responseType: 'stream',
    agent: [Function: agentOption],
    url: URL {
      href: 'http://127.0.0.1:9080/v1/projects/demo-hvac-auto/databases/(default)/documents:commit?$alt=json%3Benum-encoding=int',
      origin: 'http://127.0.0.1:9080',
      protocol: 'http:',
      username: '',
      password: '',
      host: '127.0.0.1:9080',
      hostname: '127.0.0.1',
      port: '9080',
      pathname: '/v1/projects/demo-hvac-auto/databases/(default)/documents:commit',
      search: '?$alt=json%3Benum-encoding=int',
      searchParams: URLSearchParams { '$alt' => 'json;enum-encoding=int' },
      hash: ''
    },
    validateStatus: [Function: validateStatus],
    errorRedactor: [Function: defaultErrorRedactor],
    duplex: 'half'
  },
  response: Response {
    size: 0,
    data: undefined,
    config: {
      headers: Headers {
        authorization: '<<REDACTED> - See `errorRedactor` option in `gaxios` for configuration>.',
        'content-type': 'application/json',
        'google-cloud-resource-prefix': 'projects/demo-hvac-auto/databases/(default)',
        'x-goog-api-client': 'gax/5.0.6-fallback gapic/8.5.0 gl-node/24.14.0 rest/5.0.6 gccl/8.5.0 fire/13.8.0 fire-admin/13.8.0 grpc-web/5.0.6-fallback',
        'x-goog-request-params': 'database=projects%2Fdemo-hvac-auto%2Fdatabases%2F(default)',
        'User-Agent': 'google-api-nodejs-client/10.6.2'
      },
      body: '{"writes":[{"update":{"fields":{"id":{"stringValue":"55bdbbb9-03f0-4f95-a045-9da357ca5f62"},"name":{"stringValue":"Smoke DualControl 20260424082823"},"createdBy":{"stringValue":"17UOscJxgcM4xLjZsiqTdyCAbh42"},"clientName":{"stringValue":"Smoke Client"},"location":{"stringValue":"Quezon City"},"city":{"stringValue":"Manila"},"buildingType":{"stringValue":"commercial"},"status":{"stringValue":"draft"},"outputClassification":{"stringValue":"preliminary"},"totalFloorArea":{"integerValue":"120"},"floorsAboveGrade":{"integerValue":"1"},"floorsBelowGrade":{"integerValue":"0"},"outdoorDB":{"integerValue":"35"},"outdoorWB":{"doubleValue":27.175206999426916},"outdoorRH":{"integerValue":"55"},"indoorDB":{"integerValue":"24"},"indoorRH":{"integerValue":"50"},"designConditions":{"stringValue":"{}"},"safetyFactor":{"doubleValue":1.1},"diversityFactor":{"doubleValue":0.85},"notes":{"stringValue":""},"suggestedLaborMultiplier":{"doubleValue":0.35},"laborMultiplierOverride":{"nullValue":null},"suggestedOverheadPercent":{"doubleValue":0.15},"overheadPercentOverride":{"nullValue":null},"suggestedContingencyPercent":{"doubleValue":0.05},"contingencyPercentOverride":{"nullValue":null},"suggestedVatRate":{"doubleValue":0.12},"vatRateOverride":{"nullValue":null},"isEquipmentStale":{"booleanValue":false},"isBoqStale":{"booleanValue":false},"lastCoolingLoadAt":{"nullValue":null},"lastEquipmentSyncAt":{"nullValue":null},"lastBoqGeneratedAt":{"nullValue":null},"createdAt":{"stringValue":"2026-04-24T00:28:29.239Z"},"updatedAt":{"stringValue":"2026-04-24T00:28:29.239Z"},"ownerId":{"stringValue":"17UOscJxgcM4xLjZsiqTdyCAbh42"}},"name":"projects/demo-hvac-auto/databases/(default)/documents/projects/55bdbbb9-03f0-4f95-a045-9da357ca5f62"}}]}',
      method: 'POST',
      signal: [AbortSignal],
      responseType: 'stream',
      agent: [Function: agentOption],
      url: URL {},
      validateStatus: [Function: validateStatus],
      errorRedactor: [Function: defaultErrorRedactor],
      duplex: 'half'
    },
    Symbol(Body internals): {
      body: [PassThrough],
      stream: [PassThrough],
      boundary: null,
      disturbed: false,
      error: null
    },
    Symbol(Response internals): {
      type: 'default',
      url: 'http://127.0.0.1:9080/v1/projects/demo-hvac-auto/databases/(default)/documents:commit?$alt=json%3Benum-encoding=int',
      status: 403,
      statusText: 'Forbidden',
      headers: [Object],
      counter: 0,
      highWaterMark: 16384
    }
  },
  code: 403,
  status: 403,
  error: undefined,
  note: 'Exception occurred in retry method that was not classified as transient',
  [cause]: {
    message: `{"error":{"code":403,"message":"\\nProperty email is undefined on object. for 'create' @ L40, evaluation error at L41:32 for 'update' @ L41, Property email is undefined on object. for 'create' @ L40","status":"PERMISSION_DENIED"}}`,
    code: 403,
    status: 'Forbidden'
  }
}
POST /api/projects error: Error: {"error":{"code":403,"message":"\nProperty email is undefined on object. for 'create' @ L40, evaluation error at L41:32 for 'update' @ L41, Property email is undefined on object. for 'create' @ L40","status":"PERMISSION_DENIED"}}
    at ignore-listed frames {
  config: {
    headers: Headers {
      authorization: '<<REDACTED> - See `errorRedactor` option in `gaxios` for configuration>.',
      'content-type': 'application/json',
      'google-cloud-resource-prefix': 'projects/demo-hvac-auto/databases/(default)',
      'x-goog-api-client': 'gax/5.0.6-fallback gapic/8.5.0 gl-node/24.14.0 rest/5.0.6 gccl/8.5.0 fire/13.8.0 fire-admin/13.8.0 grpc-web/5.0.6-fallback',
      'x-goog-request-params': 'database=projects%2Fdemo-hvac-auto%2Fdatabases%2F(default)',
      'User-Agent': 'google-api-nodejs-client/10.6.2'
    },
    body: '{"writes":[{"update":{"fields":{"id":{"stringValue":"8f9c9358-4dbe-433e-97a3-f02c5e2fb90a"},"name":{"stringValue":"Smoke DualControl 20260424082823"},"createdBy":{"stringValue":"17UOscJxgcM4xLjZsiqTdyCAbh42"},"clientName":{"stringValue":"Smoke Client"},"location":{"stringValue":"Quezon City"},"city":{"stringValue":"Manila"},"buildingType":{"stringValue":"commercial"},"status":{"stringValue":"draft"},"outputClassification":{"stringValue":"preliminary"},"totalFloorArea":{"integerValue":"120"},"floorsAboveGrade":{"integerValue":"1"},"floorsBelowGrade":{"integerValue":"0"},"outdoorDB":{"integerValue":"35"},"outdoorWB":{"doubleValue":27.175206999426916},"outdoorRH":{"integerValue":"55"},"indoorDB":{"integerValue":"24"},"indoorRH":{"integerValue":"50"},"designConditions":{"stringValue":"{}"},"safetyFactor":{"doubleValue":1.1},"diversityFactor":{"doubleValue":0.85},"notes":{"stringValue":""},"suggestedLaborMultiplier":{"doubleValue":0.35},"laborMultiplierOverride":{"nullValue":null},"suggestedOverheadPercent":{"doubleValue":0.15},"overheadPercentOverride":{"nullValue":null},"suggestedContingencyPercent":{"doubleValue":0.05},"contingencyPercentOverride":{"nullValue":null},"suggestedVatRate":{"doubleValue":0.12},"vatRateOverride":{"nullValue":null},"isEquipmentStale":{"booleanValue":false},"isBoqStale":{"booleanValue":false},"lastCoolingLoadAt":{"nullValue":null},"lastEquipmentSyncAt":{"nullValue":null},"lastBoqGeneratedAt":{"nullValue":null},"createdAt":{"stringValue":"2026-04-24T00:28:31.840Z"},"updatedAt":{"stringValue":"2026-04-24T00:28:31.840Z"},"ownerId":{"stringValue":"17UOscJxgcM4xLjZsiqTdyCAbh42"}},"name":"projects/demo-hvac-auto/databases/(default)/documents/projects/8f9c9358-4dbe-433e-97a3-f02c5e2fb90a"}}]}',
    method: 'POST',
    signal: AbortSignal { aborted: false },
    responseType: 'stream',
    agent: [Function: agentOption],
    url: URL {
      href: 'http://127.0.0.1:9080/v1/projects/demo-hvac-auto/databases/(default)/documents:commit?$alt=json%3Benum-encoding=int',
      origin: 'http://127.0.0.1:9080',
      protocol: 'http:',
      username: '',
      password: '',
      host: '127.0.0.1:9080',
      hostname: '127.0.0.1',
      port: '9080',
      pathname: '/v1/projects/demo-hvac-auto/databases/(default)/documents:commit',
      search: '?$alt=json%3Benum-encoding=int',
      searchParams: URLSearchParams { '$alt' => 'json;enum-encoding=int' },
      hash: ''
    },
    validateStatus: [Function: validateStatus],
    errorRedactor: [Function: defaultErrorRedactor],
    duplex: 'half'
  },
  response: Response {
    size: 0,
    data: undefined,
    config: {
      headers: Headers {
        authorization: '<<REDACTED> - See `errorRedactor` option in `gaxios` for configuration>.',
        'content-type': 'application/json',
        'google-cloud-resource-prefix': 'projects/demo-hvac-auto/databases/(default)',
        'x-goog-api-client': 'gax/5.0.6-fallback gapic/8.5.0 gl-node/24.14.0 rest/5.0.6 gccl/8.5.0 fire/13.8.0 fire-admin/13.8.0 grpc-web/5.0.6-fallback',
        'x-goog-request-params': 'database=projects%2Fdemo-hvac-auto%2Fdatabases%2F(default)',
        'User-Agent': 'google-api-nodejs-client/10.6.2'
      },
      body: '{"writes":[{"update":{"fields":{"id":{"stringValue":"8f9c9358-4dbe-433e-97a3-f02c5e2fb90a"},"name":{"stringValue":"Smoke DualControl 20260424082823"},"createdBy":{"stringValue":"17UOscJxgcM4xLjZsiqTdyCAbh42"},"clientName":{"stringValue":"Smoke Client"},"location":{"stringValue":"Quezon City"},"city":{"stringValue":"Manila"},"buildingType":{"stringValue":"commercial"},"status":{"stringValue":"draft"},"outputClassification":{"stringValue":"preliminary"},"totalFloorArea":{"integerValue":"120"},"floorsAboveGrade":{"integerValue":"1"},"floorsBelowGrade":{"integerValue":"0"},"outdoorDB":{"integerValue":"35"},"outdoorWB":{"doubleValue":27.175206999426916},"outdoorRH":{"integerValue":"55"},"indoorDB":{"integerValue":"24"},"indoorRH":{"integerValue":"50"},"designConditions":{"stringValue":"{}"},"safetyFactor":{"doubleValue":1.1},"diversityFactor":{"doubleValue":0.85},"notes":{"stringValue":""},"suggestedLaborMultiplier":{"doubleValue":0.35},"laborMultiplierOverride":{"nullValue":null},"suggestedOverheadPercent":{"doubleValue":0.15},"overheadPercentOverride":{"nullValue":null},"suggestedContingencyPercent":{"doubleValue":0.05},"contingencyPercentOverride":{"nullValue":null},"suggestedVatRate":{"doubleValue":0.12},"vatRateOverride":{"nullValue":null},"isEquipmentStale":{"booleanValue":false},"isBoqStale":{"booleanValue":false},"lastCoolingLoadAt":{"nullValue":null},"lastEquipmentSyncAt":{"nullValue":null},"lastBoqGeneratedAt":{"nullValue":null},"createdAt":{"stringValue":"2026-04-24T00:28:31.840Z"},"updatedAt":{"stringValue":"2026-04-24T00:28:31.840Z"},"ownerId":{"stringValue":"17UOscJxgcM4xLjZsiqTdyCAbh42"}},"name":"projects/demo-hvac-auto/databases/(default)/documents/projects/8f9c9358-4dbe-433e-97a3-f02c5e2fb90a"}}]}',
      method: 'POST',
      signal: [AbortSignal],
      responseType: 'stream',
      agent: [Function: agentOption],
      url: URL {},
      validateStatus: [Function: validateStatus],
      errorRedactor: [Function: defaultErrorRedactor],
      duplex: 'half'
    },
    Symbol(Body internals): {
      body: [PassThrough],
      stream: [PassThrough],
      boundary: null,
      disturbed: false,
      error: null
    },
    Symbol(Response internals): {
      type: 'default',
      url: 'http://127.0.0.1:9080/v1/projects/demo-hvac-auto/databases/(default)/documents:commit?$alt=json%3Benum-encoding=int',
      status: 403,
      statusText: 'Forbidden',
      headers: [Object],
      counter: 0,
      highWaterMark: 16384
    }
  },
  code: 403,
  status: 403,
  error: undefined,
  note: 'Exception occurred in retry method that was not classified as transient',
  [cause]: {
    message: `{"error":{"code":403,"message":"\\nProperty email is undefined on object. for 'create' @ L40, evaluation error at L41:32 for 'update' @ L41, Property email is undefined on object. for 'create' @ L40","status":"PERMISSION_DENIED"}}`,
    code: 403,
    status: 'Forbidden'
  }
}
POST /api/projects error: Error: {"error":{"code":403,"message":"\nProperty email is undefined on object. for 'create' @ L40, evaluation error at L41:32 for 'update' @ L41, Property email is undefined on object. for 'create' @ L40","status":"PERMISSION_DENIED"}}
    at ignore-listed frames {
  config: {
    headers: Headers {
      authorization: '<<REDACTED> - See `errorRedactor` option in `gaxios` for configuration>.',
      'content-type': 'application/json',
      'google-cloud-resource-prefix': 'projects/demo-hvac-auto/databases/(default)',
      'x-goog-api-client': 'gax/5.0.6-fallback gapic/8.5.0 gl-node/24.14.0 rest/5.0.6 gccl/8.5.0 fire/13.8.0 fire-admin/13.8.0 grpc-web/5.0.6-fallback',
      'x-goog-request-params': 'database=projects%2Fdemo-hvac-auto%2Fdatabases%2F(default)',
      'User-Agent': 'google-api-nodejs-client/10.6.2'
    },
    body: '{"writes":[{"update":{"fields":{"id":{"stringValue":"fdc9ae8e-6f1b-42e5-9900-8ec2951f79fb"},"name":{"stringValue":"Smoke DualControl 20260424082823"},"createdBy":{"stringValue":"17UOscJxgcM4xLjZsiqTdyCAbh42"},"clientName":{"stringValue":"Smoke Client"},"location":{"stringValue":"Quezon City"},"city":{"stringValue":"Manila"},"buildingType":{"stringValue":"commercial"},"status":{"stringValue":"draft"},"outputClassification":{"stringValue":"preliminary"},"totalFloorArea":{"integerValue":"120"},"floorsAboveGrade":{"integerValue":"1"},"floorsBelowGrade":{"integerValue":"0"},"outdoorDB":{"integerValue":"35"},"outdoorWB":{"doubleValue":27.175206999426916},"outdoorRH":{"integerValue":"55"},"indoorDB":{"integerValue":"24"},"indoorRH":{"integerValue":"50"},"designConditions":{"stringValue":"{}"},"safetyFactor":{"doubleValue":1.1},"diversityFactor":{"doubleValue":0.85},"notes":{"stringValue":""},"suggestedLaborMultiplier":{"doubleValue":0.35},"laborMultiplierOverride":{"nullValue":null},"suggestedOverheadPercent":{"doubleValue":0.15},"overheadPercentOverride":{"nullValue":null},"suggestedContingencyPercent":{"doubleValue":0.05},"contingencyPercentOverride":{"nullValue":null},"suggestedVatRate":{"doubleValue":0.12},"vatRateOverride":{"nullValue":null},"isEquipmentStale":{"booleanValue":false},"isBoqStale":{"booleanValue":false},"lastCoolingLoadAt":{"nullValue":null},"lastEquipmentSyncAt":{"nullValue":null},"lastBoqGeneratedAt":{"nullValue":null},"createdAt":{"stringValue":"2026-04-24T00:28:35.180Z"},"updatedAt":{"stringValue":"2026-04-24T00:28:35.180Z"},"ownerId":{"stringValue":"17UOscJxgcM4xLjZsiqTdyCAbh42"}},"name":"projects/demo-hvac-auto/databases/(default)/documents/projects/fdc9ae8e-6f1b-42e5-9900-8ec2951f79fb"}}]}',
    method: 'POST',
    signal: AbortSignal { aborted: false },
    responseType: 'stream',
    agent: [Function: agentOption],
    url: URL {
      href: 'http://127.0.0.1:9080/v1/projects/demo-hvac-auto/databases/(default)/documents:commit?$alt=json%3Benum-encoding=int',
      origin: 'http://127.0.0.1:9080',
      protocol: 'http:',
      username: '',
      password: '',
      host: '127.0.0.1:9080',
      hostname: '127.0.0.1',
      port: '9080',
      pathname: '/v1/projects/demo-hvac-auto/databases/(default)/documents:commit',
      search: '?$alt=json%3Benum-encoding=int',
      searchParams: URLSearchParams { '$alt' => 'json;enum-encoding=int' },
      hash: ''
    },
    validateStatus: [Function: validateStatus],
    errorRedactor: [Function: defaultErrorRedactor],
    duplex: 'half'
  },
  response: Response {
    size: 0,
    data: undefined,
    config: {
      headers: Headers {
        authorization: '<<REDACTED> - See `errorRedactor` option in `gaxios` for configuration>.',
        'content-type': 'application/json',
        'google-cloud-resource-prefix': 'projects/demo-hvac-auto/databases/(default)',
        'x-goog-api-client': 'gax/5.0.6-fallback gapic/8.5.0 gl-node/24.14.0 rest/5.0.6 gccl/8.5.0 fire/13.8.0 fire-admin/13.8.0 grpc-web/5.0.6-fallback',
        'x-goog-request-params': 'database=projects%2Fdemo-hvac-auto%2Fdatabases%2F(default)',
        'User-Agent': 'google-api-nodejs-client/10.6.2'
      },
      body: '{"writes":[{"update":{"fields":{"id":{"stringValue":"fdc9ae8e-6f1b-42e5-9900-8ec2951f79fb"},"name":{"stringValue":"Smoke DualControl 20260424082823"},"createdBy":{"stringValue":"17UOscJxgcM4xLjZsiqTdyCAbh42"},"clientName":{"stringValue":"Smoke Client"},"location":{"stringValue":"Quezon City"},"city":{"stringValue":"Manila"},"buildingType":{"stringValue":"commercial"},"status":{"stringValue":"draft"},"outputClassification":{"stringValue":"preliminary"},"totalFloorArea":{"integerValue":"120"},"floorsAboveGrade":{"integerValue":"1"},"floorsBelowGrade":{"integerValue":"0"},"outdoorDB":{"integerValue":"35"},"outdoorWB":{"doubleValue":27.175206999426916},"outdoorRH":{"integerValue":"55"},"indoorDB":{"integerValue":"24"},"indoorRH":{"integerValue":"50"},"designConditions":{"stringValue":"{}"},"safetyFactor":{"doubleValue":1.1},"diversityFactor":{"doubleValue":0.85},"notes":{"stringValue":""},"suggestedLaborMultiplier":{"doubleValue":0.35},"laborMultiplierOverride":{"nullValue":null},"suggestedOverheadPercent":{"doubleValue":0.15},"overheadPercentOverride":{"nullValue":null},"suggestedContingencyPercent":{"doubleValue":0.05},"contingencyPercentOverride":{"nullValue":null},"suggestedVatRate":{"doubleValue":0.12},"vatRateOverride":{"nullValue":null},"isEquipmentStale":{"booleanValue":false},"isBoqStale":{"booleanValue":false},"lastCoolingLoadAt":{"nullValue":null},"lastEquipmentSyncAt":{"nullValue":null},"lastBoqGeneratedAt":{"nullValue":null},"createdAt":{"stringValue":"2026-04-24T00:28:35.180Z"},"updatedAt":{"stringValue":"2026-04-24T00:28:35.180Z"},"ownerId":{"stringValue":"17UOscJxgcM4xLjZsiqTdyCAbh42"}},"name":"projects/demo-hvac-auto/databases/(default)/documents/projects/fdc9ae8e-6f1b-42e5-9900-8ec2951f79fb"}}]}',
      method: 'POST',
      signal: [AbortSignal],
      responseType: 'stream',
      agent: [Function: agentOption],
      url: URL {},
      validateStatus: [Function: validateStatus],
      errorRedactor: [Function: defaultErrorRedactor],
      duplex: 'half'
    },
    Symbol(Body internals): {
      body: [PassThrough],
      stream: [PassThrough],
      boundary: null,
      disturbed: false,
      error: null
    },
    Symbol(Response internals): {
      type: 'default',
      url: 'http://127.0.0.1:9080/v1/projects/demo-hvac-auto/databases/(default)/documents:commit?$alt=json%3Benum-encoding=int',
      status: 403,
      statusText: 'Forbidden',
      headers: [Object],
      counter: 0,
      highWaterMark: 16384
    }
  },
  code: 403,
  status: 403,
  error: undefined,
  note: 'Exception occurred in retry method that was not classified as transient',
  [cause]: {
    message: `{"error":{"code":403,"message":"\\nProperty email is undefined on object. for 'create' @ L40, evaluation error at L41:32 for 'update' @ L41, Property email is undefined on object. for 'create' @ L40","status":"PERMISSION_DENIED"}}`,
    code: 403,
    status: 'Forbidden'
  }
}
