
> hvac-app@0.1.0 emulator:firestore
> npx firebase-tools emulators:start --only firestore --project demo-hvac-auto --config firebase.json

[36m[1mi  emulators:[22m[39m Starting emulators: firestore
[36m[1mi  emulators:[22m[39m Detected demo project ID "demo-hvac-auto", emulated services will use a demo configuration and attempts to access non-emulated services for this project will fail.
[36m[1mi  firestore:[22m[39m Firestore Emulator logging to [1mfirestore-debug.log[22m
[32m[1m+  firestore:[22m[39m Firestore Emulator was started in standard edition.
[32m[1m+  firestore:[22m[39m Firestore Emulator UI websocket is running on 9150.
[33m[1m!  emulators:[22m[39m The Emulator UI is not starting because none of the running emulators have a UI component.

[90m┌─────────────────────────────────────────────────────────────┐[39m
[90m│[39m [32m✔[39m  [1mAll emulators ready! It is now safe to connect your app.[22m [90m│[39m
[90m└─────────────────────────────────────────────────────────────┘[39m

[90m┌───────────[39m[90m┬────────────────┐[39m
[90m│[39m[33m Emulator  [39m[90m│[39m[33m Host:Port      [39m[90m│[39m
[90m├───────────[39m[90m┼────────────────┤[39m
[90m│[39m Firestore [90m│[39m 127.0.0.1:9080 [90m│[39m
[90m└───────────[39m[90m┴────────────────┘[39m
[90m  Emulator Hub host: 127.0.0.1 port: 4400[39m
[90m  Other reserved ports:[39m 4500, 9150

Issues? Report them at [4m[1mhttps://github.com/firebase/firebase-tools/issues[22m[24m and attach the *-debug.log files.
 
[36m[1mi  firestore:[22m[39m Change detected, updating rules...
[32m[1m+  firestore:[22m[39m Rules updated.
[36m[1mi  firestore:[22m[39m Change detected, updating rules...
[32m[1m+  firestore:[22m[39m Rules updated.
[33m[1m!  firestore:[22m[39m Fatal error occurred: 
   Firestore Emulator has exited with code: 4294967295, 
   stopping all running emulators
[36m[1mi  firestore:[22m[39m Stopping Firestore Emulator
[36m[1mi  hub:[22m[39m Stopping emulator hub
[36m[1mi  logging:[22m[39m Stopping Logging Emulator
